This file contains any messages produced by compilers while
running configure, to aid debugging if configure makes a mistake.

It was created by ATLAS IPC Library configure 1.0, which was
generated by GNU Autoconf 2.69.  Invocation command line was

  $ ./configure --prefix=/usr/lib/yampl

## --------- ##
## Platform. ##
## --------- ##

hostname = ntauthority-t450
uname -m = x86_64
uname -r = 4.14.0-deepin2-amd64
uname -s = Linux
uname -v = #1 SMP PREEMPT Deepin 4.14.12-2 (2018-01-06)

/usr/bin/uname -p = unknown
/bin/uname -X     = unknown

/bin/arch              = unknown
/usr/bin/arch -k       = unknown
/usr/convex/getsysinfo = unknown
/usr/bin/hostinfo      = unknown
/bin/machine           = unknown
/usr/bin/oslevel       = unknown
/bin/universe          = unknown

PATH: /usr/local/bin
PATH: /usr/bin
PATH: /bin
PATH: /usr/local/games
PATH: /usr/games
PATH: /sbin
PATH: /usr/sbin
PATH: /home/ntauthority/miniconda2/bin
PATH: /usr/local/texlive/2017/bin/x86_64-linux


## ----------- ##
## Core tests. ##
## ----------- ##

configure:2255: checking for g++
configure:2271: found /usr/bin/g++
configure:2282: result: g++
configure:2309: checking for C++ compiler version
configure:2318: g++ --version >&5
g++ (Debian 6.4.0-2) 6.4.0 20170724
Copyright (C) 2017 Free Software Foundation, Inc.
This is free software; see the source for copying conditions.  There is NO
warranty; not even for MERCHANTABILITY or FITNESS FOR A PARTICULAR PURPOSE.

configure:2329: $? = 0
configure:2318: g++ -v >&5
Using built-in specs.
COLLECT_GCC=g++
COLLECT_LTO_WRAPPER=/usr/lib/gcc/x86_64-linux-gnu/6/lto-wrapper
Target: x86_64-linux-gnu
Configured with: ../src/configure -v --with-pkgversion='Debian 6.4.0-2' --with-bugurl=file:///usr/share/doc/gcc-6/README.Bugs --enable-languages=c,ada,c++,java,go,d,fortran,objc,obj-c++ --prefix=/usr --program-suffix=-6 --program-prefix=x86_64-linux-gnu- --enable-shared --enable-linker-build-id --libexecdir=/usr/lib --without-included-gettext --enable-threads=posix --libdir=/usr/lib --enable-nls --with-sysroot=/ --enable-clocale=gnu --enable-libstdcxx-debug --enable-libstdcxx-time=yes --with-default-libstdcxx-abi=new --enable-gnu-unique-object --disable-vtable-verify --enable-libmpx --enable-plugin --enable-default-pie --with-system-zlib --disable-browser-plugin --enable-java-awt=gtk --enable-gtk-cairo --with-java-home=/usr/lib/jvm/java-1.5.0-gcj-6-amd64/jre --enable-java-home --with-jvm-root-dir=/usr/lib/jvm/java-1.5.0-gcj-6-amd64 --with-jvm-jar-dir=/usr/lib/jvm-exports/java-1.5.0-gcj-6-amd64 --with-arch-directory=amd64 --with-ecj-jar=/usr/share/java/eclipse-ecj.jar --with-target-system-zlib --enable-objc-gc=auto --enable-multiarch --with-arch-32=i686 --with-abi=m64 --with-multilib-list=m32,m64,mx32 --enable-multilib --with-tune=generic --enable-checking=release --build=x86_64-linux-gnu --host=x86_64-linux-gnu --target=x86_64-linux-gnu
Thread model: posix
gcc version 6.4.0 20170724 (Debian 6.4.0-2) 
configure:2329: $? = 0
configure:2318: g++ -V >&5
g++: error: unrecognized command line option '-V'
g++: fatal error: no input files
compilation terminated.
configure:2329: $? = 1
configure:2318: g++ -qversion >&5
g++: error: unrecognized command line option '-qversion'; did you mean '--version'?
g++: fatal error: no input files
compilation terminated.
configure:2329: $? = 1
configure:2349: checking whether the C++ compiler works
configure:2371: g++    conftest.cpp  >&5
configure:2375: $? = 0
configure:2423: result: yes
configure:2426: checking for C++ compiler default output file name
configure:2428: result: a.out
configure:2434: checking for suffix of executables
configure:2441: g++ -o conftest    conftest.cpp  >&5
configure:2445: $? = 0
configure:2467: result: 
configure:2489: checking whether we are cross compiling
configure:2497: g++ -o conftest    conftest.cpp  >&5
configure:2501: $? = 0
configure:2508: ./conftest
configure:2512: $? = 0
configure:2527: result: no
configure:2532: checking for suffix of object files
configure:2554: g++ -c   conftest.cpp >&5
configure:2558: $? = 0
configure:2579: result: o
configure:2583: checking whether we are using the GNU C++ compiler
configure:2602: g++ -c   conftest.cpp >&5
configure:2602: $? = 0
configure:2611: result: yes
configure:2620: checking whether g++ accepts -g
configure:2640: g++ -c -g  conftest.cpp >&5
configure:2640: $? = 0
configure:2681: result: yes
configure:2752: checking for gcc
configure:2768: found /usr/bin/gcc
configure:2779: result: gcc
configure:3008: checking for C compiler version
configure:3017: gcc --version >&5
gcc (Debian 6.4.0-2) 6.4.0 20170724
Copyright (C) 2017 Free Software Foundation, Inc.
This is free software; see the source for copying conditions.  There is NO
warranty; not even for MERCHANTABILITY or FITNESS FOR A PARTICULAR PURPOSE.

configure:3028: $? = 0
configure:3017: gcc -v >&5
Using built-in specs.
COLLECT_GCC=gcc
COLLECT_LTO_WRAPPER=/usr/lib/gcc/x86_64-linux-gnu/6/lto-wrapper
Target: x86_64-linux-gnu
Configured with: ../src/configure -v --with-pkgversion='Debian 6.4.0-2' --with-bugurl=file:///usr/share/doc/gcc-6/README.Bugs --enable-languages=c,ada,c++,java,go,d,fortran,objc,obj-c++ --prefix=/usr --program-suffix=-6 --program-prefix=x86_64-linux-gnu- --enable-shared --enable-linker-build-id --libexecdir=/usr/lib --without-included-gettext --enable-threads=posix --libdir=/usr/lib --enable-nls --with-sysroot=/ --enable-clocale=gnu --enable-libstdcxx-debug --enable-libstdcxx-time=yes --with-default-libstdcxx-abi=new --enable-gnu-unique-object --disable-vtable-verify --enable-libmpx --enable-plugin --enable-default-pie --with-system-zlib --disable-browser-plugin --enable-java-awt=gtk --enable-gtk-cairo --with-java-home=/usr/lib/jvm/java-1.5.0-gcj-6-amd64/jre --enable-java-home --with-jvm-root-dir=/usr/lib/jvm/java-1.5.0-gcj-6-amd64 --with-jvm-jar-dir=/usr/lib/jvm-exports/java-1.5.0-gcj-6-amd64 --with-arch-directory=amd64 --with-ecj-jar=/usr/share/java/eclipse-ecj.jar --with-target-system-zlib --enable-objc-gc=auto --enable-multiarch --with-arch-32=i686 --with-abi=m64 --with-multilib-list=m32,m64,mx32 --enable-multilib --with-tune=generic --enable-checking=release --build=x86_64-linux-gnu --host=x86_64-linux-gnu --target=x86_64-linux-gnu
Thread model: posix
gcc version 6.4.0 20170724 (Debian 6.4.0-2) 
configure:3028: $? = 0
configure:3017: gcc -V >&5
gcc: error: unrecognized command line option '-V'
gcc: fatal error: no input files
compilation terminated.
configure:3028: $? = 1
configure:3017: gcc -qversion >&5
gcc: error: unrecognized command line option '-qversion'; did you mean '--version'?
gcc: fatal error: no input files
compilation terminated.
configure:3028: $? = 1
configure:3032: checking whether we are using the GNU C compiler
configure:3051: gcc -c   conftest.c >&5
configure:3051: $? = 0
configure:3060: result: yes
configure:3069: checking whether gcc accepts -g
configure:3089: gcc -c -g  conftest.c >&5
configure:3089: $? = 0
configure:3130: result: yes
configure:3147: checking for gcc option to accept ISO C89
configure:3210: gcc  -c -g -O2  conftest.c >&5
configure:3210: $? = 0
configure:3223: result: none needed
configure:3243: checking whether make sets $(MAKE)
configure:3265: result: yes
configure:3277: checking for pthread_create in -lpthread
configure:3302: gcc -o conftest -g -O2   conftest.c -lpthread   >&5
configure:3302: $? = 0
configure:3311: result: yes
configure:3322: checking for clock_gettime in -lrt
configure:3347: gcc -o conftest -g -O2   conftest.c -lrt  -lpthread  >&5
configure:3347: $? = 0
configure:3356: result: yes
configure:3367: checking for uuid_unparse in -luuid
configure:3392: gcc -o conftest -g -O2   conftest.c -luuid  -lrt -lpthread  >&5
/usr/bin/ld: cannot find -luuid
collect2: error: ld returned 1 exit status
configure:3392: $? = 1
configure: failed program was:
| /* confdefs.h */
| #define PACKAGE_NAME "ATLAS IPC Library"
| #define PACKAGE_TARNAME "atlas-ipc-library"
| #define PACKAGE_VERSION "1.0"
| #define PACKAGE_STRING "ATLAS IPC Library 1.0"
| #define PACKAGE_BUGREPORT "ravitillo@lbl.gov"
| #define PACKAGE_URL ""
| #define HAVE_LIBPTHREAD 1
| #define HAVE_LIBRT 1
| /* end confdefs.h.  */
| 
| /* Override any GCC internal prototype to avoid an error.
|    Use char because int might match the return type of a GCC
|    builtin and then its argument prototype would still apply.  */
| #ifdef __cplusplus
| extern "C"
| #endif
| char uuid_unparse ();
| int
| main ()
| {
| return uuid_unparse ();
|   ;
|   return 0;
| }
configure:3401: result: no
configure:3419: checking how to run the C preprocessor
configure:3450: gcc -E  conftest.c
configure:3450: $? = 0
configure:3464: gcc -E  conftest.c
conftest.c:11:28: fatal error: ac_nonexistent.h: No such file or directory
 #include <ac_nonexistent.h>
                            ^
compilation terminated.
configure:3464: $? = 1
configure: failed program was:
| /* confdefs.h */
| #define PACKAGE_NAME "ATLAS IPC Library"
| #define PACKAGE_TARNAME "atlas-ipc-library"
| #define PACKAGE_VERSION "1.0"
| #define PACKAGE_STRING "ATLAS IPC Library 1.0"
| #define PACKAGE_BUGREPORT "ravitillo@lbl.gov"
| #define PACKAGE_URL ""
| #define HAVE_LIBPTHREAD 1
| #define HAVE_LIBRT 1
| /* end confdefs.h.  */
| #include <ac_nonexistent.h>
configure:3489: result: gcc -E
configure:3509: gcc -E  conftest.c
configure:3509: $? = 0
configure:3523: gcc -E  conftest.c
conftest.c:11:28: fatal error: ac_nonexistent.h: No such file or directory
 #include <ac_nonexistent.h>
                            ^
compilation terminated.
configure:3523: $? = 1
configure: failed program was:
| /* confdefs.h */
| #define PACKAGE_NAME "ATLAS IPC Library"
| #define PACKAGE_TARNAME "atlas-ipc-library"
| #define PACKAGE_VERSION "1.0"
| #define PACKAGE_STRING "ATLAS IPC Library 1.0"
| #define PACKAGE_BUGREPORT "ravitillo@lbl.gov"
| #define PACKAGE_URL ""
| #define HAVE_LIBPTHREAD 1
| #define HAVE_LIBRT 1
| /* end confdefs.h.  */
| #include <ac_nonexistent.h>
configure:3552: checking for grep that handles long lines and -e
configure:3610: result: /bin/grep
configure:3615: checking for egrep
configure:3677: result: /bin/grep -E
configure:3682: checking for ANSI C header files
configure:3702: gcc -c -g -O2  conftest.c >&5
configure:3702: $? = 0
configure:3775: gcc -o conftest -g -O2   conftest.c -lrt -lpthread  >&5
configure:3775: $? = 0
configure:3775: ./conftest
configure:3775: $? = 0
configure:3786: result: yes
configure:3799: checking for sys/types.h
configure:3799: gcc -c -g -O2  conftest.c >&5
configure:3799: $? = 0
configure:3799: result: yes
configure:3799: checking for sys/stat.h
configure:3799: gcc -c -g -O2  conftest.c >&5
configure:3799: $? = 0
configure:3799: result: yes
configure:3799: checking for stdlib.h
configure:3799: gcc -c -g -O2  conftest.c >&5
configure:3799: $? = 0
configure:3799: result: yes
configure:3799: checking for string.h
configure:3799: gcc -c -g -O2  conftest.c >&5
configure:3799: $? = 0
configure:3799: result: yes
configure:3799: checking for memory.h
configure:3799: gcc -c -g -O2  conftest.c >&5
configure:3799: $? = 0
configure:3799: result: yes
configure:3799: checking for strings.h
configure:3799: gcc -c -g -O2  conftest.c >&5
configure:3799: $? = 0
configure:3799: result: yes
configure:3799: checking for inttypes.h
configure:3799: gcc -c -g -O2  conftest.c >&5
configure:3799: $? = 0
configure:3799: result: yes
configure:3799: checking for stdint.h
configure:3799: gcc -c -g -O2  conftest.c >&5
configure:3799: $? = 0
configure:3799: result: yes
configure:3799: checking for unistd.h
configure:3799: gcc -c -g -O2  conftest.c >&5
configure:3799: $? = 0
configure:3799: result: yes
configure:3814: checking arpa/inet.h usability
configure:3814: gcc -c -g -O2  conftest.c >&5
configure:3814: $? = 0
configure:3814: result: yes
configure:3814: checking arpa/inet.h presence
configure:3814: gcc -E  conftest.c
configure:3814: $? = 0
configure:3814: result: yes
configure:3814: checking for arpa/inet.h
configure:3814: result: yes
configure:3814: checking fcntl.h usability
configure:3814: gcc -c -g -O2  conftest.c >&5
configure:3814: $? = 0
configure:3814: result: yes
configure:3814: checking fcntl.h presence
configure:3814: gcc -E  conftest.c
configure:3814: $? = 0
configure:3814: result: yes
configure:3814: checking for fcntl.h
configure:3814: result: yes
configure:3814: checking for stdlib.h
configure:3814: result: yes
configure:3814: checking sys/time.h usability
configure:3814: gcc -c -g -O2  conftest.c >&5
configure:3814: $? = 0
configure:3814: result: yes
configure:3814: checking sys/time.h presence
configure:3814: gcc -E  conftest.c
configure:3814: $? = 0
configure:3814: result: yes
configure:3814: checking for sys/time.h
configure:3814: result: yes
configure:3814: checking for unistd.h
configure:3814: result: yes
configure:3826: checking for stdbool.h that conforms to C99
configure:3893: gcc -c -g -O2  conftest.c >&5
configure:3893: $? = 0
configure:3900: result: yes
configure:3902: checking for _Bool
configure:3902: gcc -c -g -O2  conftest.c >&5
configure:3902: $? = 0
configure:3902: gcc -c -g -O2  conftest.c >&5
conftest.c: In function 'main':
conftest.c:62:20: error: expected expression before ')' token
 if (sizeof ((_Bool)))
                    ^
configure:3902: $? = 1
configure: failed program was:
| /* confdefs.h */
| #define PACKAGE_NAME "ATLAS IPC Library"
| #define PACKAGE_TARNAME "atlas-ipc-library"
| #define PACKAGE_VERSION "1.0"
| #define PACKAGE_STRING "ATLAS IPC Library 1.0"
| #define PACKAGE_BUGREPORT "ravitillo@lbl.gov"
| #define PACKAGE_URL ""
| #define HAVE_LIBPTHREAD 1
| #define HAVE_LIBRT 1
| #define STDC_HEADERS 1
| #define HAVE_SYS_TYPES_H 1
| #define HAVE_SYS_STAT_H 1
| #define HAVE_STDLIB_H 1
| #define HAVE_STRING_H 1
| #define HAVE_MEMORY_H 1
| #define HAVE_STRINGS_H 1
| #define HAVE_INTTYPES_H 1
| #define HAVE_STDINT_H 1
| #define HAVE_UNISTD_H 1
| #define HAVE_ARPA_INET_H 1
| #define HAVE_FCNTL_H 1
| #define HAVE_STDLIB_H 1
| #define HAVE_SYS_TIME_H 1
| #define HAVE_UNISTD_H 1
| /* end confdefs.h.  */
| #include <stdio.h>
| #ifdef HAVE_SYS_TYPES_H
| # include <sys/types.h>
| #endif
| #ifdef HAVE_SYS_STAT_H
| # include <sys/stat.h>
| #endif
| #ifdef STDC_HEADERS
| # include <stdlib.h>
| # include <stddef.h>
| #else
| # ifdef HAVE_STDLIB_H
| #  include <stdlib.h>
| # endif
| #endif
| #ifdef HAVE_STRING_H
| # if !defined STDC_HEADERS && defined HAVE_MEMORY_H
| #  include <memory.h>
| # endif
| # include <string.h>
| #endif
| #ifdef HAVE_STRINGS_H
| # include <strings.h>
| #endif
| #ifdef HAVE_INTTYPES_H
| # include <inttypes.h>
| #endif
| #ifdef HAVE_STDINT_H
| # include <stdint.h>
| #endif
| #ifdef HAVE_UNISTD_H
| # include <unistd.h>
| #endif
| int
| main ()
| {
| if (sizeof ((_Bool)))
| 	    return 0;
|   ;
|   return 0;
| }
configure:3902: result: yes
configure:3913: checking for inline
configure:3929: gcc -c -g -O2  conftest.c >&5
configure:3929: $? = 0
configure:3937: result: inline
configure:3955: checking for pid_t
configure:3955: gcc -c -g -O2  conftest.c >&5
configure:3955: $? = 0
configure:3955: gcc -c -g -O2  conftest.c >&5
conftest.c: In function 'main':
conftest.c:63:20: error: expected expression before ')' token
 if (sizeof ((pid_t)))
                    ^
configure:3955: $? = 1
configure: failed program was:
| /* confdefs.h */
| #define PACKAGE_NAME "ATLAS IPC Library"
| #define PACKAGE_TARNAME "atlas-ipc-library"
| #define PACKAGE_VERSION "1.0"
| #define PACKAGE_STRING "ATLAS IPC Library 1.0"
| #define PACKAGE_BUGREPORT "ravitillo@lbl.gov"
| #define PACKAGE_URL ""
| #define HAVE_LIBPTHREAD 1
| #define HAVE_LIBRT 1
| #define STDC_HEADERS 1
| #define HAVE_SYS_TYPES_H 1
| #define HAVE_SYS_STAT_H 1
| #define HAVE_STDLIB_H 1
| #define HAVE_STRING_H 1
| #define HAVE_MEMORY_H 1
| #define HAVE_STRINGS_H 1
| #define HAVE_INTTYPES_H 1
| #define HAVE_STDINT_H 1
| #define HAVE_UNISTD_H 1
| #define HAVE_ARPA_INET_H 1
| #define HAVE_FCNTL_H 1
| #define HAVE_STDLIB_H 1
| #define HAVE_SYS_TIME_H 1
| #define HAVE_UNISTD_H 1
| #define HAVE__BOOL 1
| /* end confdefs.h.  */
| #include <stdio.h>
| #ifdef HAVE_SYS_TYPES_H
| # include <sys/types.h>
| #endif
| #ifdef HAVE_SYS_STAT_H
| # include <sys/stat.h>
| #endif
| #ifdef STDC_HEADERS
| # include <stdlib.h>
| # include <stddef.h>
| #else
| # ifdef HAVE_STDLIB_H
| #  include <stdlib.h>
| # endif
| #endif
| #ifdef HAVE_STRING_H
| # if !defined STDC_HEADERS && defined HAVE_MEMORY_H
| #  include <memory.h>
| # endif
| # include <string.h>
| #endif
| #ifdef HAVE_STRINGS_H
| # include <strings.h>
| #endif
| #ifdef HAVE_INTTYPES_H
| # include <inttypes.h>
| #endif
| #ifdef HAVE_STDINT_H
| # include <stdint.h>
| #endif
| #ifdef HAVE_UNISTD_H
| # include <unistd.h>
| #endif
| int
| main ()
| {
| if (sizeof ((pid_t)))
| 	    return 0;
|   ;
|   return 0;
| }
configure:3955: result: yes
configure:3966: checking for size_t
configure:3966: gcc -c -g -O2  conftest.c >&5
configure:3966: $? = 0
configure:3966: gcc -c -g -O2  conftest.c >&5
conftest.c: In function 'main':
conftest.c:63:21: error: expected expression before ')' token
 if (sizeof ((size_t)))
                     ^
configure:3966: $? = 1
configure: failed program was:
| /* confdefs.h */
| #define PACKAGE_NAME "ATLAS IPC Library"
| #define PACKAGE_TARNAME "atlas-ipc-library"
| #define PACKAGE_VERSION "1.0"
| #define PACKAGE_STRING "ATLAS IPC Library 1.0"
| #define PACKAGE_BUGREPORT "ravitillo@lbl.gov"
| #define PACKAGE_URL ""
| #define HAVE_LIBPTHREAD 1
| #define HAVE_LIBRT 1
| #define STDC_HEADERS 1
| #define HAVE_SYS_TYPES_H 1
| #define HAVE_SYS_STAT_H 1
| #define HAVE_STDLIB_H 1
| #define HAVE_STRING_H 1
| #define HAVE_MEMORY_H 1
| #define HAVE_STRINGS_H 1
| #define HAVE_INTTYPES_H 1
| #define HAVE_STDINT_H 1
| #define HAVE_UNISTD_H 1
| #define HAVE_ARPA_INET_H 1
| #define HAVE_FCNTL_H 1
| #define HAVE_STDLIB_H 1
| #define HAVE_SYS_TIME_H 1
| #define HAVE_UNISTD_H 1
| #define HAVE__BOOL 1
| /* end confdefs.h.  */
| #include <stdio.h>
| #ifdef HAVE_SYS_TYPES_H
| # include <sys/types.h>
| #endif
| #ifdef HAVE_SYS_STAT_H
| # include <sys/stat.h>
| #endif
| #ifdef STDC_HEADERS
| # include <stdlib.h>
| # include <stddef.h>
| #else
| # ifdef HAVE_STDLIB_H
| #  include <stdlib.h>
| # endif
| #endif
| #ifdef HAVE_STRING_H
| # if !defined STDC_HEADERS && defined HAVE_MEMORY_H
| #  include <memory.h>
| # endif
| # include <string.h>
| #endif
| #ifdef HAVE_STRINGS_H
| # include <strings.h>
| #endif
| #ifdef HAVE_INTTYPES_H
| # include <inttypes.h>
| #endif
| #ifdef HAVE_STDINT_H
| # include <stdint.h>
| #endif
| #ifdef HAVE_UNISTD_H
| # include <unistd.h>
| #endif
| int
| main ()
| {
| if (sizeof ((size_t)))
| 	    return 0;
|   ;
|   return 0;
| }
configure:3966: result: yes
configure:3977: checking for ssize_t
configure:3977: gcc -c -g -O2  conftest.c >&5
configure:3977: $? = 0
configure:3977: gcc -c -g -O2  conftest.c >&5
conftest.c: In function 'main':
conftest.c:63:22: error: expected expression before ')' token
 if (sizeof ((ssize_t)))
                      ^
configure:3977: $? = 1
configure: failed program was:
| /* confdefs.h */
| #define PACKAGE_NAME "ATLAS IPC Library"
| #define PACKAGE_TARNAME "atlas-ipc-library"
| #define PACKAGE_VERSION "1.0"
| #define PACKAGE_STRING "ATLAS IPC Library 1.0"
| #define PACKAGE_BUGREPORT "ravitillo@lbl.gov"
| #define PACKAGE_URL ""
| #define HAVE_LIBPTHREAD 1
| #define HAVE_LIBRT 1
| #define STDC_HEADERS 1
| #define HAVE_SYS_TYPES_H 1
| #define HAVE_SYS_STAT_H 1
| #define HAVE_STDLIB_H 1
| #define HAVE_STRING_H 1
| #define HAVE_MEMORY_H 1
| #define HAVE_STRINGS_H 1
| #define HAVE_INTTYPES_H 1
| #define HAVE_STDINT_H 1
| #define HAVE_UNISTD_H 1
| #define HAVE_ARPA_INET_H 1
| #define HAVE_FCNTL_H 1
| #define HAVE_STDLIB_H 1
| #define HAVE_SYS_TIME_H 1
| #define HAVE_UNISTD_H 1
| #define HAVE__BOOL 1
| /* end confdefs.h.  */
| #include <stdio.h>
| #ifdef HAVE_SYS_TYPES_H
| # include <sys/types.h>
| #endif
| #ifdef HAVE_SYS_STAT_H
| # include <sys/stat.h>
| #endif
| #ifdef STDC_HEADERS
| # include <stdlib.h>
| # include <stddef.h>
| #else
| # ifdef HAVE_STDLIB_H
| #  include <stdlib.h>
| # endif
| #endif
| #ifdef HAVE_STRING_H
| # if !defined STDC_HEADERS && defined HAVE_MEMORY_H
| #  include <memory.h>
| # endif
| # include <string.h>
| #endif
| #ifdef HAVE_STRINGS_H
| # include <strings.h>
| #endif
| #ifdef HAVE_INTTYPES_H
| # include <inttypes.h>
| #endif
| #ifdef HAVE_STDINT_H
| # include <stdint.h>
| #endif
| #ifdef HAVE_UNISTD_H
| # include <unistd.h>
| #endif
| int
| main ()
| {
| if (sizeof ((ssize_t)))
| 	    return 0;
|   ;
|   return 0;
| }
configure:3977: result: yes
configure:3992: checking vfork.h usability
configure:3992: gcc -c -g -O2  conftest.c >&5
conftest.c:60:19: fatal error: vfork.h: No such file or directory
 #include <vfork.h>
                   ^
compilation terminated.
configure:3992: $? = 1
configure: failed program was:
| /* confdefs.h */
| #define PACKAGE_NAME "ATLAS IPC Library"
| #define PACKAGE_TARNAME "atlas-ipc-library"
| #define PACKAGE_VERSION "1.0"
| #define PACKAGE_STRING "ATLAS IPC Library 1.0"
| #define PACKAGE_BUGREPORT "ravitillo@lbl.gov"
| #define PACKAGE_URL ""
| #define HAVE_LIBPTHREAD 1
| #define HAVE_LIBRT 1
| #define STDC_HEADERS 1
| #define HAVE_SYS_TYPES_H 1
| #define HAVE_SYS_STAT_H 1
| #define HAVE_STDLIB_H 1
| #define HAVE_STRING_H 1
| #define HAVE_MEMORY_H 1
| #define HAVE_STRINGS_H 1
| #define HAVE_INTTYPES_H 1
| #define HAVE_STDINT_H 1
| #define HAVE_UNISTD_H 1
| #define HAVE_ARPA_INET_H 1
| #define HAVE_FCNTL_H 1
| #define HAVE_STDLIB_H 1
| #define HAVE_SYS_TIME_H 1
| #define HAVE_UNISTD_H 1
| #define HAVE__BOOL 1
| /* end confdefs.h.  */
| #include <stdio.h>
| #ifdef HAVE_SYS_TYPES_H
| # include <sys/types.h>
| #endif
| #ifdef HAVE_SYS_STAT_H
| # include <sys/stat.h>
| #endif
| #ifdef STDC_HEADERS
| # include <stdlib.h>
| # include <stddef.h>
| #else
| # ifdef HAVE_STDLIB_H
| #  include <stdlib.h>
| # endif
| #endif
| #ifdef HAVE_STRING_H
| # if !defined STDC_HEADERS && defined HAVE_MEMORY_H
| #  include <memory.h>
| # endif
| # include <string.h>
| #endif
| #ifdef HAVE_STRINGS_H
| # include <strings.h>
| #endif
| #ifdef HAVE_INTTYPES_H
| # include <inttypes.h>
| #endif
| #ifdef HAVE_STDINT_H
| # include <stdint.h>
| #endif
| #ifdef HAVE_UNISTD_H
| # include <unistd.h>
| #endif
| #include <vfork.h>
configure:3992: result: no
configure:3992: checking vfork.h presence
configure:3992: gcc -E  conftest.c
conftest.c:27:19: fatal error: vfork.h: No such file or directory
 #include <vfork.h>
                   ^
compilation terminated.
configure:3992: $? = 1
configure: failed program was:
| /* confdefs.h */
| #define PACKAGE_NAME "ATLAS IPC Library"
| #define PACKAGE_TARNAME "atlas-ipc-library"
| #define PACKAGE_VERSION "1.0"
| #define PACKAGE_STRING "ATLAS IPC Library 1.0"
| #define PACKAGE_BUGREPORT "ravitillo@lbl.gov"
| #define PACKAGE_URL ""
| #define HAVE_LIBPTHREAD 1
| #define HAVE_LIBRT 1
| #define STDC_HEADERS 1
| #define HAVE_SYS_TYPES_H 1
| #define HAVE_SYS_STAT_H 1
| #define HAVE_STDLIB_H 1
| #define HAVE_STRING_H 1
| #define HAVE_MEMORY_H 1
| #define HAVE_STRINGS_H 1
| #define HAVE_INTTYPES_H 1
| #define HAVE_STDINT_H 1
| #define HAVE_UNISTD_H 1
| #define HAVE_ARPA_INET_H 1
| #define HAVE_FCNTL_H 1
| #define HAVE_STDLIB_H 1
| #define HAVE_SYS_TIME_H 1
| #define HAVE_UNISTD_H 1
| #define HAVE__BOOL 1
| /* end confdefs.h.  */
| #include <vfork.h>
configure:3992: result: no
configure:3992: checking for vfork.h
configure:3992: result: no
configure:4005: checking for fork
configure:4005: gcc -o conftest -g -O2   conftest.c -lrt -lpthread  >&5
conftest.c:50:6: warning: conflicting types for built-in function 'fork'
 char fork ();
      ^~~~
configure:4005: $? = 0
configure:4005: result: yes
configure:4005: checking for vfork
configure:4005: gcc -o conftest -g -O2   conftest.c -lrt -lpthread  >&5
configure:4005: $? = 0
configure:4005: result: yes
configure:4015: checking for working fork
configure:4037: gcc -o conftest -g -O2   conftest.c -lrt -lpthread  >&5
configure:4037: $? = 0
configure:4037: ./conftest
configure:4037: $? = 0
configure:4047: result: yes
configure:4068: checking for working vfork
configure:4178: result: yes
configure:4205: checking for stdlib.h
configure:4205: result: yes
configure:4215: checking for GNU libc compatible malloc
configure:4239: gcc -o conftest -g -O2   conftest.c -lrt -lpthread  >&5
configure:4239: $? = 0
configure:4239: ./conftest
configure:4239: $? = 0
configure:4249: result: yes
configure:4276: checking for stdlib.h
configure:4276: result: yes
configure:4276: checking for unistd.h
configure:4276: result: yes
configure:4276: checking for sys/param.h
configure:4276: gcc -c -g -O2  conftest.c >&5
configure:4276: $? = 0
configure:4276: result: yes
configure:4296: checking for getpagesize
configure:4296: gcc -o conftest -g -O2   conftest.c -lrt -lpthread  >&5
configure:4296: $? = 0
configure:4296: result: yes
configure:4305: checking for working mmap
configure:4452: gcc -o conftest -g -O2   conftest.c -lrt -lpthread  >&5
configure:4452: $? = 0
configure:4452: ./conftest
configure:4452: $? = 0
configure:4462: result: yes
configure:4473: checking for stdlib.h
configure:4473: result: yes
configure:4483: checking for GNU libc compatible realloc
configure:4507: gcc -o conftest -g -O2   conftest.c -lrt -lpthread  >&5
configure:4507: $? = 0
configure:4507: ./conftest
configure:4507: $? = 0
configure:4517: result: yes
configure:4541: checking for ftruncate
configure:4541: gcc -o conftest -g -O2   conftest.c -lrt -lpthread  >&5
configure:4541: $? = 0
configure:4541: result: yes
configure:4541: checking for gettimeofday
configure:4541: gcc -o conftest -g -O2   conftest.c -lrt -lpthread  >&5
configure:4541: $? = 0
configure:4541: result: yes
configure:4541: checking for memset
configure:4541: gcc -o conftest -g -O2   conftest.c -lrt -lpthread  >&5
conftest.c:65:6: warning: conflicting types for built-in function 'memset'
 char memset ();
      ^~~~~~
configure:4541: $? = 0
configure:4541: result: yes
configure:4541: checking for mkfifo
configure:4541: gcc -o conftest -g -O2   conftest.c -lrt -lpthread  >&5
configure:4541: $? = 0
configure:4541: result: yes
configure:4541: checking for munmap
configure:4541: gcc -o conftest -g -O2   conftest.c -lrt -lpthread  >&5
configure:4541: $? = 0
configure:4541: result: yes
configure:4541: checking for strcasecmp
configure:4541: gcc -o conftest -g -O2   conftest.c -lrt -lpthread  >&5
conftest.c:68:6: warning: conflicting types for built-in function 'strcasecmp'
 char strcasecmp ();
      ^~~~~~~~~~
configure:4541: $? = 0
configure:4541: result: yes
configure:4541: checking for strdup
configure:4541: gcc -o conftest -g -O2   conftest.c -lrt -lpthread  >&5
conftest.c:69:6: warning: conflicting types for built-in function 'strdup'
 char strdup ();
      ^~~~~~
configure:4541: $? = 0
configure:4541: result: yes
configure:4541: checking for strerror
configure:4541: gcc -o conftest -g -O2   conftest.c -lrt -lpthread  >&5
configure:4541: $? = 0
configure:4541: result: yes
configure:4668: creating ./config.status

## ---------------------- ##
## Running config.status. ##
## ---------------------- ##

This file was extended by ATLAS IPC Library config.status 1.0, which was
generated by GNU Autoconf 2.69.  Invocation command line was

  CONFIG_FILES    = 
  CONFIG_HEADERS  = 
  CONFIG_LINKS    = 
  CONFIG_COMMANDS = 
  $ ./config.status 

on ntauthority-t450

config.status:831: creating Makefile
config.status:831: creating yampl.pc
config.status:831: creating config/config.h

## ---------------- ##
## Cache variables. ##
## ---------------- ##

ac_cv_c_compiler_gnu=yes
ac_cv_c_inline=inline
ac_cv_cxx_compiler_gnu=yes
ac_cv_env_CCC_set=
ac_cv_env_CCC_value=
ac_cv_env_CC_set=
ac_cv_env_CC_value=
ac_cv_env_CFLAGS_set=
ac_cv_env_CFLAGS_value=
ac_cv_env_CPPFLAGS_set=
ac_cv_env_CPPFLAGS_value=
ac_cv_env_CPP_set=
ac_cv_env_CPP_value=
ac_cv_env_CXXFLAGS_set=
ac_cv_env_CXXFLAGS_value=
ac_cv_env_CXX_set=
ac_cv_env_CXX_value=
ac_cv_env_LDFLAGS_set=
ac_cv_env_LDFLAGS_value=
ac_cv_env_LIBS_set=
ac_cv_env_LIBS_value=
ac_cv_env_build_alias_set=
ac_cv_env_build_alias_value=
ac_cv_env_host_alias_set=
ac_cv_env_host_alias_value=
ac_cv_env_target_alias_set=
ac_cv_env_target_alias_value=
ac_cv_func_fork=yes
ac_cv_func_fork_works=yes
ac_cv_func_ftruncate=yes
ac_cv_func_getpagesize=yes
ac_cv_func_gettimeofday=yes
ac_cv_func_malloc_0_nonnull=yes
ac_cv_func_memset=yes
ac_cv_func_mkfifo=yes
ac_cv_func_mmap_fixed_mapped=yes
ac_cv_func_munmap=yes
ac_cv_func_realloc_0_nonnull=yes
ac_cv_func_strcasecmp=yes
ac_cv_func_strdup=yes
ac_cv_func_strerror=yes
ac_cv_func_vfork=yes
ac_cv_func_vfork_works=yes
ac_cv_header_arpa_inet_h=yes
ac_cv_header_fcntl_h=yes
ac_cv_header_inttypes_h=yes
ac_cv_header_memory_h=yes
ac_cv_header_stdbool_h=yes
ac_cv_header_stdc=yes
ac_cv_header_stdint_h=yes
ac_cv_header_stdlib_h=yes
ac_cv_header_string_h=yes
ac_cv_header_strings_h=yes
ac_cv_header_sys_param_h=yes
ac_cv_header_sys_stat_h=yes
ac_cv_header_sys_time_h=yes
ac_cv_header_sys_types_h=yes
ac_cv_header_unistd_h=yes
ac_cv_header_vfork_h=no
ac_cv_lib_pthread_pthread_create=yes
ac_cv_lib_rt_clock_gettime=yes
ac_cv_lib_uuid_uuid_unparse=no
ac_cv_objext=o
ac_cv_path_EGREP='/bin/grep -E'
ac_cv_path_GREP=/bin/grep
ac_cv_prog_CPP='gcc -E'
ac_cv_prog_ac_ct_CC=gcc
ac_cv_prog_ac_ct_CXX=g++
ac_cv_prog_cc_c89=
ac_cv_prog_cc_g=yes
ac_cv_prog_cxx_g=yes
ac_cv_prog_make_make_set=yes
ac_cv_type__Bool=yes
ac_cv_type_pid_t=yes
ac_cv_type_size_t=yes
ac_cv_type_ssize_t=yes

## ----------------- ##
## Output variables. ##
## ----------------- ##

CC='gcc'
CFLAGS='-g -O2'
CPP='gcc -E'
CPPFLAGS=''
CXX='g++'
CXXFLAGS='-g -O2'
DEFS='-DHAVE_CONFIG_H'
ECHO_C=''
ECHO_N='-n'
ECHO_T=''
EGREP='/bin/grep -E'
EXEEXT=''
GREP='/bin/grep'
LDFLAGS=''
LIBOBJS=''
LIBS='-lrt -lpthread '
LTLIBOBJS=''
OBJEXT='o'
PACKAGE_BUGREPORT='ravitillo@lbl.gov'
PACKAGE_NAME='ATLAS IPC Library'
PACKAGE_STRING='ATLAS IPC Library 1.0'
PACKAGE_TARNAME='atlas-ipc-library'
PACKAGE_URL=''
PACKAGE_VERSION='1.0'
PATH_SEPARATOR=':'
SET_MAKE=''
SHELL='/bin/bash'
ac_ct_CC='gcc'
ac_ct_CXX='g++'
bindir='${exec_prefix}/bin'
build_alias=''
datadir='${datarootdir}'
datarootdir='${prefix}/share'
docdir='${datarootdir}/doc/${PACKAGE_TARNAME}'
dvidir='${docdir}'
exec_prefix='${prefix}'
host_alias=''
htmldir='${docdir}'
includedir='${prefix}/include'
infodir='${datarootdir}/info'
libdir='${exec_prefix}/lib'
libexecdir='${exec_prefix}/libexec'
localedir='${datarootdir}/locale'
localstatedir='${prefix}/var'
mandir='${datarootdir}/man'
oldincludedir='/usr/include'
pdfdir='${docdir}'
prefix='/usr/lib/yampl'
program_transform_name='s,x,x,'
psdir='${docdir}'
sbindir='${exec_prefix}/sbin'
sharedstatedir='${prefix}/com'
sysconfdir='${prefix}/etc'
target_alias=''

## ----------- ##
## confdefs.h. ##
## ----------- ##

/* confdefs.h */
#define PACKAGE_NAME "ATLAS IPC Library"
#define PACKAGE_TARNAME "atlas-ipc-library"
#define PACKAGE_VERSION "1.0"
#define PACKAGE_STRING "ATLAS IPC Library 1.0"
#define PACKAGE_BUGREPORT "ravitillo@lbl.gov"
#define PACKAGE_URL ""
#define HAVE_LIBPTHREAD 1
#define HAVE_LIBRT 1
#define STDC_HEADERS 1
#define HAVE_SYS_TYPES_H 1
#define HAVE_SYS_STAT_H 1
#define HAVE_STDLIB_H 1
#define HAVE_STRING_H 1
#define HAVE_MEMORY_H 1
#define HAVE_STRINGS_H 1
#define HAVE_INTTYPES_H 1
#define HAVE_STDINT_H 1
#define HAVE_UNISTD_H 1
#define HAVE_ARPA_INET_H 1
#define HAVE_FCNTL_H 1
#define HAVE_STDLIB_H 1
#define HAVE_SYS_TIME_H 1
#define HAVE_UNISTD_H 1
#define HAVE__BOOL 1
#define HAVE_FORK 1
#define HAVE_VFORK 1
#define HAVE_WORKING_VFORK 1
#define HAVE_WORKING_FORK 1
#define HAVE_STDLIB_H 1
#define HAVE_MALLOC 1
#define HAVE_STDLIB_H 1
#define HAVE_UNISTD_H 1
#define HAVE_SYS_PARAM_H 1
#define HAVE_GETPAGESIZE 1
#define HAVE_MMAP 1
#define HAVE_STDLIB_H 1
#define HAVE_REALLOC 1
#define HAVE_FTRUNCATE 1
#define HAVE_GETTIMEOFDAY 1
#define HAVE_MEMSET 1
#define HAVE_MKFIFO 1
#define HAVE_MUNMAP 1
#define HAVE_STRCASECMP 1
#define HAVE_STRDUP 1
#define HAVE_STRERROR 1

configure: exit 0
