The system is: Linux - 4.14.0-deepin2-amd64 - x86_64
Compiling the C compiler identification source file "CMakeCCompilerId.c" succeeded.
Compiler: /usr/bin/cc 
Build flags: 
Id flags: 

The output was:
0


Compilation of the C compiler identification source "CMakeCCompilerId.c" produced "a.out"

The C compiler identification is GNU, found in "/home/ntauthority/Desktop/CERN-HSF/yampl/build/LibSourcey-prefix/src/LibSourcey-build/CMakeFiles/3.7.2/CompilerIdC/a.out"

Compiling the CXX compiler identification source file "CMakeCXXCompilerId.cpp" succeeded.
Compiler: /usr/bin/c++ 
Build flags: 
Id flags: 

The output was:
0


Compilation of the CXX compiler identification source "CMakeCXXCompilerId.cpp" produced "a.out"

The CXX compiler identification is GNU, found in "/home/ntauthority/Desktop/CERN-HSF/yampl/build/LibSourcey-prefix/src/LibSourcey-build/CMakeFiles/3.7.2/CompilerIdCXX/a.out"

Determining if the C compiler works passed with the following output:
Change Dir: /home/ntauthority/Desktop/CERN-HSF/yampl/build/LibSourcey-prefix/src/LibSourcey-build/CMakeFiles/CMakeTmp

Run Build Command:"/usr/bin/make" "cmTC_9430f/fast"
make[3]: Entering directory '/home/ntauthority/Desktop/CERN-HSF/yampl/build/LibSourcey-prefix/src/LibSourcey-build/CMakeFiles/CMakeTmp'
/usr/bin/make -f CMakeFiles/cmTC_9430f.dir/build.make CMakeFiles/cmTC_9430f.dir/build
make[4]: Entering directory '/home/ntauthority/Desktop/CERN-HSF/yampl/build/LibSourcey-prefix/src/LibSourcey-build/CMakeFiles/CMakeTmp'
Building C object CMakeFiles/cmTC_9430f.dir/testCCompiler.c.o
/usr/bin/cc     -o CMakeFiles/cmTC_9430f.dir/testCCompiler.c.o   -c /home/ntauthority/Desktop/CERN-HSF/yampl/build/LibSourcey-prefix/src/LibSourcey-build/CMakeFiles/CMakeTmp/testCCompiler.c
Linking C executable cmTC_9430f
/usr/bin/cmake -E cmake_link_script CMakeFiles/cmTC_9430f.dir/link.txt --verbose=1
/usr/bin/cc       CMakeFiles/cmTC_9430f.dir/testCCompiler.c.o  -o cmTC_9430f -rdynamic 
make[4]: Leaving directory '/home/ntauthority/Desktop/CERN-HSF/yampl/build/LibSourcey-prefix/src/LibSourcey-build/CMakeFiles/CMakeTmp'
make[3]: Leaving directory '/home/ntauthority/Desktop/CERN-HSF/yampl/build/LibSourcey-prefix/src/LibSourcey-build/CMakeFiles/CMakeTmp'


Detecting C compiler ABI info compiled with the following output:
Change Dir: /home/ntauthority/Desktop/CERN-HSF/yampl/build/LibSourcey-prefix/src/LibSourcey-build/CMakeFiles/CMakeTmp

Run Build Command:"/usr/bin/make" "cmTC_bbfe4/fast"
make[3]: Entering directory '/home/ntauthority/Desktop/CERN-HSF/yampl/build/LibSourcey-prefix/src/LibSourcey-build/CMakeFiles/CMakeTmp'
/usr/bin/make -f CMakeFiles/cmTC_bbfe4.dir/build.make CMakeFiles/cmTC_bbfe4.dir/build
make[4]: Entering directory '/home/ntauthority/Desktop/CERN-HSF/yampl/build/LibSourcey-prefix/src/LibSourcey-build/CMakeFiles/CMakeTmp'
Building C object CMakeFiles/cmTC_bbfe4.dir/CMakeCCompilerABI.c.o
/usr/bin/cc     -o CMakeFiles/cmTC_bbfe4.dir/CMakeCCompilerABI.c.o   -c /usr/share/cmake-3.7/Modules/CMakeCCompilerABI.c
Linking C executable cmTC_bbfe4
/usr/bin/cmake -E cmake_link_script CMakeFiles/cmTC_bbfe4.dir/link.txt --verbose=1
/usr/bin/cc      -v CMakeFiles/cmTC_bbfe4.dir/CMakeCCompilerABI.c.o  -o cmTC_bbfe4 -rdynamic  
Using built-in specs.
COLLECT_GCC=/usr/bin/cc
COLLECT_LTO_WRAPPER=/usr/lib/gcc/x86_64-linux-gnu/6/lto-wrapper
Target: x86_64-linux-gnu
Configured with: ../src/configure -v --with-pkgversion='Debian 6.4.0-2' --with-bugurl=file:///usr/share/doc/gcc-6/README.Bugs --enable-languages=c,ada,c++,java,go,d,fortran,objc,obj-c++ --prefix=/usr --program-suffix=-6 --program-prefix=x86_64-linux-gnu- --enable-shared --enable-linker-build-id --libexecdir=/usr/lib --without-included-gettext --enable-threads=posix --libdir=/usr/lib --enable-nls --with-sysroot=/ --enable-clocale=gnu --enable-libstdcxx-debug --enable-libstdcxx-time=yes --with-default-libstdcxx-abi=new --enable-gnu-unique-object --disable-vtable-verify --enable-libmpx --enable-plugin --enable-default-pie --with-system-zlib --disable-browser-plugin --enable-java-awt=gtk --enable-gtk-cairo --with-java-home=/usr/lib/jvm/java-1.5.0-gcj-6-amd64/jre --enable-java-home --with-jvm-root-dir=/usr/lib/jvm/java-1.5.0-gcj-6-amd64 --with-jvm-jar-dir=/usr/lib/jvm-exports/java-1.5.0-gcj-6-amd64 --with-arch-directory=amd64 --with-ecj-jar=/usr/share/java/eclipse-ecj.jar --with-target-system-zlib --enable-objc-gc=auto --enable-multiarch --with-arch-32=i686 --with-abi=m64 --with-multilib-list=m32,m64,mx32 --enable-multilib --with-tune=generic --enable-checking=release --build=x86_64-linux-gnu --host=x86_64-linux-gnu --target=x86_64-linux-gnu
Thread model: posix
gcc version 6.4.0 20170724 (Debian 6.4.0-2) 
COMPILER_PATH=/usr/lib/gcc/x86_64-linux-gnu/6/:/usr/lib/gcc/x86_64-linux-gnu/6/:/usr/lib/gcc/x86_64-linux-gnu/:/usr/lib/gcc/x86_64-linux-gnu/6/:/usr/lib/gcc/x86_64-linux-gnu/
LIBRARY_PATH=/usr/lib/gcc/x86_64-linux-gnu/6/:/usr/lib/gcc/x86_64-linux-gnu/6/../../../x86_64-linux-gnu/:/usr/lib/gcc/x86_64-linux-gnu/6/../../../../lib/:/lib/x86_64-linux-gnu/:/lib/../lib/:/usr/lib/x86_64-linux-gnu/:/usr/lib/../lib/:/usr/lib/gcc/x86_64-linux-gnu/6/../../../:/lib/:/usr/lib/
COLLECT_GCC_OPTIONS='-v' '-o' 'cmTC_bbfe4' '-rdynamic' '-mtune=generic' '-march=x86-64'
 /usr/lib/gcc/x86_64-linux-gnu/6/collect2 -plugin /usr/lib/gcc/x86_64-linux-gnu/6/liblto_plugin.so -plugin-opt=/usr/lib/gcc/x86_64-linux-gnu/6/lto-wrapper -plugin-opt=-fresolution=/tmp/cccoSDbS.res -plugin-opt=-pass-through=-lgcc -plugin-opt=-pass-through=-lgcc_s -plugin-opt=-pass-through=-lc -plugin-opt=-pass-through=-lgcc -plugin-opt=-pass-through=-lgcc_s --sysroot=/ --build-id --eh-frame-hdr -m elf_x86_64 --hash-style=gnu -export-dynamic -dynamic-linker /lib64/ld-linux-x86-64.so.2 -pie -o cmTC_bbfe4 /usr/lib/gcc/x86_64-linux-gnu/6/../../../x86_64-linux-gnu/Scrt1.o /usr/lib/gcc/x86_64-linux-gnu/6/../../../x86_64-linux-gnu/crti.o /usr/lib/gcc/x86_64-linux-gnu/6/crtbeginS.o -L/usr/lib/gcc/x86_64-linux-gnu/6 -L/usr/lib/gcc/x86_64-linux-gnu/6/../../../x86_64-linux-gnu -L/usr/lib/gcc/x86_64-linux-gnu/6/../../../../lib -L/lib/x86_64-linux-gnu -L/lib/../lib -L/usr/lib/x86_64-linux-gnu -L/usr/lib/../lib -L/usr/lib/gcc/x86_64-linux-gnu/6/../../.. CMakeFiles/cmTC_bbfe4.dir/CMakeCCompilerABI.c.o -lgcc --as-needed -lgcc_s --no-as-needed -lc -lgcc --as-needed -lgcc_s --no-as-needed /usr/lib/gcc/x86_64-linux-gnu/6/crtendS.o /usr/lib/gcc/x86_64-linux-gnu/6/../../../x86_64-linux-gnu/crtn.o
COLLECT_GCC_OPTIONS='-v' '-o' 'cmTC_bbfe4' '-rdynamic' '-mtune=generic' '-march=x86-64'
make[4]: Leaving directory '/home/ntauthority/Desktop/CERN-HSF/yampl/build/LibSourcey-prefix/src/LibSourcey-build/CMakeFiles/CMakeTmp'
make[3]: Leaving directory '/home/ntauthority/Desktop/CERN-HSF/yampl/build/LibSourcey-prefix/src/LibSourcey-build/CMakeFiles/CMakeTmp'


Parsed C implicit link information from above output:
  link line regex: [^( *|.*[/\])(ld|([^/\]+-)?ld|collect2)[^/\]*( |$)]
  ignore line: [Change Dir: /home/ntauthority/Desktop/CERN-HSF/yampl/build/LibSourcey-prefix/src/LibSourcey-build/CMakeFiles/CMakeTmp]
  ignore line: []
  ignore line: [Run Build Command:"/usr/bin/make" "cmTC_bbfe4/fast"]
  ignore line: [make[3]: Entering directory '/home/ntauthority/Desktop/CERN-HSF/yampl/build/LibSourcey-prefix/src/LibSourcey-build/CMakeFiles/CMakeTmp']
  ignore line: [/usr/bin/make -f CMakeFiles/cmTC_bbfe4.dir/build.make CMakeFiles/cmTC_bbfe4.dir/build]
  ignore line: [make[4]: Entering directory '/home/ntauthority/Desktop/CERN-HSF/yampl/build/LibSourcey-prefix/src/LibSourcey-build/CMakeFiles/CMakeTmp']
  ignore line: [Building C object CMakeFiles/cmTC_bbfe4.dir/CMakeCCompilerABI.c.o]
  ignore line: [/usr/bin/cc     -o CMakeFiles/cmTC_bbfe4.dir/CMakeCCompilerABI.c.o   -c /usr/share/cmake-3.7/Modules/CMakeCCompilerABI.c]
  ignore line: [Linking C executable cmTC_bbfe4]
  ignore line: [/usr/bin/cmake -E cmake_link_script CMakeFiles/cmTC_bbfe4.dir/link.txt --verbose=1]
  ignore line: [/usr/bin/cc      -v CMakeFiles/cmTC_bbfe4.dir/CMakeCCompilerABI.c.o  -o cmTC_bbfe4 -rdynamic  ]
  ignore line: [Using built-in specs.]
  ignore line: [COLLECT_GCC=/usr/bin/cc]
  ignore line: [COLLECT_LTO_WRAPPER=/usr/lib/gcc/x86_64-linux-gnu/6/lto-wrapper]
  ignore line: [Target: x86_64-linux-gnu]
  ignore line: [Configured with: ../src/configure -v --with-pkgversion='Debian 6.4.0-2' --with-bugurl=file:///usr/share/doc/gcc-6/README.Bugs --enable-languages=c,ada,c++,java,go,d,fortran,objc,obj-c++ --prefix=/usr --program-suffix=-6 --program-prefix=x86_64-linux-gnu- --enable-shared --enable-linker-build-id --libexecdir=/usr/lib --without-included-gettext --enable-threads=posix --libdir=/usr/lib --enable-nls --with-sysroot=/ --enable-clocale=gnu --enable-libstdcxx-debug --enable-libstdcxx-time=yes --with-default-libstdcxx-abi=new --enable-gnu-unique-object --disable-vtable-verify --enable-libmpx --enable-plugin --enable-default-pie --with-system-zlib --disable-browser-plugin --enable-java-awt=gtk --enable-gtk-cairo --with-java-home=/usr/lib/jvm/java-1.5.0-gcj-6-amd64/jre --enable-java-home --with-jvm-root-dir=/usr/lib/jvm/java-1.5.0-gcj-6-amd64 --with-jvm-jar-dir=/usr/lib/jvm-exports/java-1.5.0-gcj-6-amd64 --with-arch-directory=amd64 --with-ecj-jar=/usr/share/java/eclipse-ecj.jar --with-target-system-zlib --enable-objc-gc=auto --enable-multiarch --with-arch-32=i686 --with-abi=m64 --with-multilib-list=m32,m64,mx32 --enable-multilib --with-tune=generic --enable-checking=release --build=x86_64-linux-gnu --host=x86_64-linux-gnu --target=x86_64-linux-gnu]
  ignore line: [Thread model: posix]
  ignore line: [gcc version 6.4.0 20170724 (Debian 6.4.0-2) ]
  ignore line: [COMPILER_PATH=/usr/lib/gcc/x86_64-linux-gnu/6/:/usr/lib/gcc/x86_64-linux-gnu/6/:/usr/lib/gcc/x86_64-linux-gnu/:/usr/lib/gcc/x86_64-linux-gnu/6/:/usr/lib/gcc/x86_64-linux-gnu/]
  ignore line: [LIBRARY_PATH=/usr/lib/gcc/x86_64-linux-gnu/6/:/usr/lib/gcc/x86_64-linux-gnu/6/../../../x86_64-linux-gnu/:/usr/lib/gcc/x86_64-linux-gnu/6/../../../../lib/:/lib/x86_64-linux-gnu/:/lib/../lib/:/usr/lib/x86_64-linux-gnu/:/usr/lib/../lib/:/usr/lib/gcc/x86_64-linux-gnu/6/../../../:/lib/:/usr/lib/]
  ignore line: [COLLECT_GCC_OPTIONS='-v' '-o' 'cmTC_bbfe4' '-rdynamic' '-mtune=generic' '-march=x86-64']
  link line: [ /usr/lib/gcc/x86_64-linux-gnu/6/collect2 -plugin /usr/lib/gcc/x86_64-linux-gnu/6/liblto_plugin.so -plugin-opt=/usr/lib/gcc/x86_64-linux-gnu/6/lto-wrapper -plugin-opt=-fresolution=/tmp/cccoSDbS.res -plugin-opt=-pass-through=-lgcc -plugin-opt=-pass-through=-lgcc_s -plugin-opt=-pass-through=-lc -plugin-opt=-pass-through=-lgcc -plugin-opt=-pass-through=-lgcc_s --sysroot=/ --build-id --eh-frame-hdr -m elf_x86_64 --hash-style=gnu -export-dynamic -dynamic-linker /lib64/ld-linux-x86-64.so.2 -pie -o cmTC_bbfe4 /usr/lib/gcc/x86_64-linux-gnu/6/../../../x86_64-linux-gnu/Scrt1.o /usr/lib/gcc/x86_64-linux-gnu/6/../../../x86_64-linux-gnu/crti.o /usr/lib/gcc/x86_64-linux-gnu/6/crtbeginS.o -L/usr/lib/gcc/x86_64-linux-gnu/6 -L/usr/lib/gcc/x86_64-linux-gnu/6/../../../x86_64-linux-gnu -L/usr/lib/gcc/x86_64-linux-gnu/6/../../../../lib -L/lib/x86_64-linux-gnu -L/lib/../lib -L/usr/lib/x86_64-linux-gnu -L/usr/lib/../lib -L/usr/lib/gcc/x86_64-linux-gnu/6/../../.. CMakeFiles/cmTC_bbfe4.dir/CMakeCCompilerABI.c.o -lgcc --as-needed -lgcc_s --no-as-needed -lc -lgcc --as-needed -lgcc_s --no-as-needed /usr/lib/gcc/x86_64-linux-gnu/6/crtendS.o /usr/lib/gcc/x86_64-linux-gnu/6/../../../x86_64-linux-gnu/crtn.o]
    arg [/usr/lib/gcc/x86_64-linux-gnu/6/collect2] ==> ignore
    arg [-plugin] ==> ignore
    arg [/usr/lib/gcc/x86_64-linux-gnu/6/liblto_plugin.so] ==> ignore
    arg [-plugin-opt=/usr/lib/gcc/x86_64-linux-gnu/6/lto-wrapper] ==> ignore
    arg [-plugin-opt=-fresolution=/tmp/cccoSDbS.res] ==> ignore
    arg [-plugin-opt=-pass-through=-lgcc] ==> ignore
    arg [-plugin-opt=-pass-through=-lgcc_s] ==> ignore
    arg [-plugin-opt=-pass-through=-lc] ==> ignore
    arg [-plugin-opt=-pass-through=-lgcc] ==> ignore
    arg [-plugin-opt=-pass-through=-lgcc_s] ==> ignore
    arg [--sysroot=/] ==> ignore
    arg [--build-id] ==> ignore
    arg [--eh-frame-hdr] ==> ignore
    arg [-m] ==> ignore
    arg [elf_x86_64] ==> ignore
    arg [--hash-style=gnu] ==> ignore
    arg [-export-dynamic] ==> ignore
    arg [-dynamic-linker] ==> ignore
    arg [/lib64/ld-linux-x86-64.so.2] ==> ignore
    arg [-pie] ==> ignore
    arg [-o] ==> ignore
    arg [cmTC_bbfe4] ==> ignore
    arg [/usr/lib/gcc/x86_64-linux-gnu/6/../../../x86_64-linux-gnu/Scrt1.o] ==> ignore
    arg [/usr/lib/gcc/x86_64-linux-gnu/6/../../../x86_64-linux-gnu/crti.o] ==> ignore
    arg [/usr/lib/gcc/x86_64-linux-gnu/6/crtbeginS.o] ==> ignore
    arg [-L/usr/lib/gcc/x86_64-linux-gnu/6] ==> dir [/usr/lib/gcc/x86_64-linux-gnu/6]
    arg [-L/usr/lib/gcc/x86_64-linux-gnu/6/../../../x86_64-linux-gnu] ==> dir [/usr/lib/gcc/x86_64-linux-gnu/6/../../../x86_64-linux-gnu]
    arg [-L/usr/lib/gcc/x86_64-linux-gnu/6/../../../../lib] ==> dir [/usr/lib/gcc/x86_64-linux-gnu/6/../../../../lib]
    arg [-L/lib/x86_64-linux-gnu] ==> dir [/lib/x86_64-linux-gnu]
    arg [-L/lib/../lib] ==> dir [/lib/../lib]
    arg [-L/usr/lib/x86_64-linux-gnu] ==> dir [/usr/lib/x86_64-linux-gnu]
    arg [-L/usr/lib/../lib] ==> dir [/usr/lib/../lib]
    arg [-L/usr/lib/gcc/x86_64-linux-gnu/6/../../..] ==> dir [/usr/lib/gcc/x86_64-linux-gnu/6/../../..]
    arg [CMakeFiles/cmTC_bbfe4.dir/CMakeCCompilerABI.c.o] ==> ignore
    arg [-lgcc] ==> lib [gcc]
    arg [--as-needed] ==> ignore
    arg [-lgcc_s] ==> lib [gcc_s]
    arg [--no-as-needed] ==> ignore
    arg [-lc] ==> lib [c]
    arg [-lgcc] ==> lib [gcc]
    arg [--as-needed] ==> ignore
    arg [-lgcc_s] ==> lib [gcc_s]
    arg [--no-as-needed] ==> ignore
    arg [/usr/lib/gcc/x86_64-linux-gnu/6/crtendS.o] ==> ignore
    arg [/usr/lib/gcc/x86_64-linux-gnu/6/../../../x86_64-linux-gnu/crtn.o] ==> ignore
  remove lib [gcc]
  remove lib [gcc_s]
  remove lib [gcc]
  remove lib [gcc_s]
  collapse library dir [/usr/lib/gcc/x86_64-linux-gnu/6] ==> [/usr/lib/gcc/x86_64-linux-gnu/6]
  collapse library dir [/usr/lib/gcc/x86_64-linux-gnu/6/../../../x86_64-linux-gnu] ==> [/usr/lib/x86_64-linux-gnu]
  collapse library dir [/usr/lib/gcc/x86_64-linux-gnu/6/../../../../lib] ==> [/usr/lib]
  collapse library dir [/lib/x86_64-linux-gnu] ==> [/lib/x86_64-linux-gnu]
  collapse library dir [/lib/../lib] ==> [/lib]
  collapse library dir [/usr/lib/x86_64-linux-gnu] ==> [/usr/lib/x86_64-linux-gnu]
  collapse library dir [/usr/lib/../lib] ==> [/usr/lib]
  collapse library dir [/usr/lib/gcc/x86_64-linux-gnu/6/../../..] ==> [/usr/lib]
  implicit libs: [c]
  implicit dirs: [/usr/lib/gcc/x86_64-linux-gnu/6;/usr/lib/x86_64-linux-gnu;/usr/lib;/lib/x86_64-linux-gnu;/lib]
  implicit fwks: []




Detecting C [-std=c11] compiler features compiled with the following output:
Change Dir: /home/ntauthority/Desktop/CERN-HSF/yampl/build/LibSourcey-prefix/src/LibSourcey-build/CMakeFiles/CMakeTmp

Run Build Command:"/usr/bin/make" "cmTC_d92d3/fast"
make[3]: Entering directory '/home/ntauthority/Desktop/CERN-HSF/yampl/build/LibSourcey-prefix/src/LibSourcey-build/CMakeFiles/CMakeTmp'
/usr/bin/make -f CMakeFiles/cmTC_d92d3.dir/build.make CMakeFiles/cmTC_d92d3.dir/build
make[4]: Entering directory '/home/ntauthority/Desktop/CERN-HSF/yampl/build/LibSourcey-prefix/src/LibSourcey-build/CMakeFiles/CMakeTmp'
Building C object CMakeFiles/cmTC_d92d3.dir/feature_tests.c.o
/usr/bin/cc    -std=c11 -o CMakeFiles/cmTC_d92d3.dir/feature_tests.c.o   -c /home/ntauthority/Desktop/CERN-HSF/yampl/build/LibSourcey-prefix/src/LibSourcey-build/CMakeFiles/feature_tests.c
Linking C executable cmTC_d92d3
/usr/bin/cmake -E cmake_link_script CMakeFiles/cmTC_d92d3.dir/link.txt --verbose=1
/usr/bin/cc       CMakeFiles/cmTC_d92d3.dir/feature_tests.c.o  -o cmTC_d92d3 -rdynamic 
make[4]: Leaving directory '/home/ntauthority/Desktop/CERN-HSF/yampl/build/LibSourcey-prefix/src/LibSourcey-build/CMakeFiles/CMakeTmp'
make[3]: Leaving directory '/home/ntauthority/Desktop/CERN-HSF/yampl/build/LibSourcey-prefix/src/LibSourcey-build/CMakeFiles/CMakeTmp'


    Feature record: C_FEATURE:1c_function_prototypes
    Feature record: C_FEATURE:1c_restrict
    Feature record: C_FEATURE:1c_static_assert
    Feature record: C_FEATURE:1c_variadic_macros


Detecting C [-std=c99] compiler features compiled with the following output:
Change Dir: /home/ntauthority/Desktop/CERN-HSF/yampl/build/LibSourcey-prefix/src/LibSourcey-build/CMakeFiles/CMakeTmp

Run Build Command:"/usr/bin/make" "cmTC_2e5d9/fast"
make[3]: Entering directory '/home/ntauthority/Desktop/CERN-HSF/yampl/build/LibSourcey-prefix/src/LibSourcey-build/CMakeFiles/CMakeTmp'
/usr/bin/make -f CMakeFiles/cmTC_2e5d9.dir/build.make CMakeFiles/cmTC_2e5d9.dir/build
make[4]: Entering directory '/home/ntauthority/Desktop/CERN-HSF/yampl/build/LibSourcey-prefix/src/LibSourcey-build/CMakeFiles/CMakeTmp'
Building C object CMakeFiles/cmTC_2e5d9.dir/feature_tests.c.o
/usr/bin/cc    -std=c99 -o CMakeFiles/cmTC_2e5d9.dir/feature_tests.c.o   -c /home/ntauthority/Desktop/CERN-HSF/yampl/build/LibSourcey-prefix/src/LibSourcey-build/CMakeFiles/feature_tests.c
Linking C executable cmTC_2e5d9
/usr/bin/cmake -E cmake_link_script CMakeFiles/cmTC_2e5d9.dir/link.txt --verbose=1
/usr/bin/cc       CMakeFiles/cmTC_2e5d9.dir/feature_tests.c.o  -o cmTC_2e5d9 -rdynamic 
make[4]: Leaving directory '/home/ntauthority/Desktop/CERN-HSF/yampl/build/LibSourcey-prefix/src/LibSourcey-build/CMakeFiles/CMakeTmp'
make[3]: Leaving directory '/home/ntauthority/Desktop/CERN-HSF/yampl/build/LibSourcey-prefix/src/LibSourcey-build/CMakeFiles/CMakeTmp'


    Feature record: C_FEATURE:1c_function_prototypes
    Feature record: C_FEATURE:1c_restrict
    Feature record: C_FEATURE:0c_static_assert
    Feature record: C_FEATURE:1c_variadic_macros


Detecting C [-std=c90] compiler features compiled with the following output:
Change Dir: /home/ntauthority/Desktop/CERN-HSF/yampl/build/LibSourcey-prefix/src/LibSourcey-build/CMakeFiles/CMakeTmp

Run Build Command:"/usr/bin/make" "cmTC_7457d/fast"
make[3]: Entering directory '/home/ntauthority/Desktop/CERN-HSF/yampl/build/LibSourcey-prefix/src/LibSourcey-build/CMakeFiles/CMakeTmp'
/usr/bin/make -f CMakeFiles/cmTC_7457d.dir/build.make CMakeFiles/cmTC_7457d.dir/build
make[4]: Entering directory '/home/ntauthority/Desktop/CERN-HSF/yampl/build/LibSourcey-prefix/src/LibSourcey-build/CMakeFiles/CMakeTmp'
Building C object CMakeFiles/cmTC_7457d.dir/feature_tests.c.o
/usr/bin/cc    -std=c90 -o CMakeFiles/cmTC_7457d.dir/feature_tests.c.o   -c /home/ntauthority/Desktop/CERN-HSF/yampl/build/LibSourcey-prefix/src/LibSourcey-build/CMakeFiles/feature_tests.c
Linking C executable cmTC_7457d
/usr/bin/cmake -E cmake_link_script CMakeFiles/cmTC_7457d.dir/link.txt --verbose=1
/usr/bin/cc       CMakeFiles/cmTC_7457d.dir/feature_tests.c.o  -o cmTC_7457d -rdynamic 
make[4]: Leaving directory '/home/ntauthority/Desktop/CERN-HSF/yampl/build/LibSourcey-prefix/src/LibSourcey-build/CMakeFiles/CMakeTmp'
make[3]: Leaving directory '/home/ntauthority/Desktop/CERN-HSF/yampl/build/LibSourcey-prefix/src/LibSourcey-build/CMakeFiles/CMakeTmp'


    Feature record: C_FEATURE:1c_function_prototypes
    Feature record: C_FEATURE:0c_restrict
    Feature record: C_FEATURE:0c_static_assert
    Feature record: C_FEATURE:0c_variadic_macros
Determining if the CXX compiler works passed with the following output:
Change Dir: /home/ntauthority/Desktop/CERN-HSF/yampl/build/LibSourcey-prefix/src/LibSourcey-build/CMakeFiles/CMakeTmp

Run Build Command:"/usr/bin/make" "cmTC_1c2e9/fast"
make[3]: Entering directory '/home/ntauthority/Desktop/CERN-HSF/yampl/build/LibSourcey-prefix/src/LibSourcey-build/CMakeFiles/CMakeTmp'
/usr/bin/make -f CMakeFiles/cmTC_1c2e9.dir/build.make CMakeFiles/cmTC_1c2e9.dir/build
make[4]: Entering directory '/home/ntauthority/Desktop/CERN-HSF/yampl/build/LibSourcey-prefix/src/LibSourcey-build/CMakeFiles/CMakeTmp'
Building CXX object CMakeFiles/cmTC_1c2e9.dir/testCXXCompiler.cxx.o
/usr/bin/c++      -o CMakeFiles/cmTC_1c2e9.dir/testCXXCompiler.cxx.o -c /home/ntauthority/Desktop/CERN-HSF/yampl/build/LibSourcey-prefix/src/LibSourcey-build/CMakeFiles/CMakeTmp/testCXXCompiler.cxx
Linking CXX executable cmTC_1c2e9
/usr/bin/cmake -E cmake_link_script CMakeFiles/cmTC_1c2e9.dir/link.txt --verbose=1
/usr/bin/c++        CMakeFiles/cmTC_1c2e9.dir/testCXXCompiler.cxx.o  -o cmTC_1c2e9 -rdynamic 
make[4]: Leaving directory '/home/ntauthority/Desktop/CERN-HSF/yampl/build/LibSourcey-prefix/src/LibSourcey-build/CMakeFiles/CMakeTmp'
make[3]: Leaving directory '/home/ntauthority/Desktop/CERN-HSF/yampl/build/LibSourcey-prefix/src/LibSourcey-build/CMakeFiles/CMakeTmp'


Detecting CXX compiler ABI info compiled with the following output:
Change Dir: /home/ntauthority/Desktop/CERN-HSF/yampl/build/LibSourcey-prefix/src/LibSourcey-build/CMakeFiles/CMakeTmp

Run Build Command:"/usr/bin/make" "cmTC_5e5dc/fast"
make[3]: Entering directory '/home/ntauthority/Desktop/CERN-HSF/yampl/build/LibSourcey-prefix/src/LibSourcey-build/CMakeFiles/CMakeTmp'
/usr/bin/make -f CMakeFiles/cmTC_5e5dc.dir/build.make CMakeFiles/cmTC_5e5dc.dir/build
make[4]: Entering directory '/home/ntauthority/Desktop/CERN-HSF/yampl/build/LibSourcey-prefix/src/LibSourcey-build/CMakeFiles/CMakeTmp'
Building CXX object CMakeFiles/cmTC_5e5dc.dir/CMakeCXXCompilerABI.cpp.o
/usr/bin/c++      -o CMakeFiles/cmTC_5e5dc.dir/CMakeCXXCompilerABI.cpp.o -c /usr/share/cmake-3.7/Modules/CMakeCXXCompilerABI.cpp
Linking CXX executable cmTC_5e5dc
/usr/bin/cmake -E cmake_link_script CMakeFiles/cmTC_5e5dc.dir/link.txt --verbose=1
/usr/bin/c++       -v CMakeFiles/cmTC_5e5dc.dir/CMakeCXXCompilerABI.cpp.o  -o cmTC_5e5dc -rdynamic  
Using built-in specs.
COLLECT_GCC=/usr/bin/c++
COLLECT_LTO_WRAPPER=/usr/lib/gcc/x86_64-linux-gnu/6/lto-wrapper
Target: x86_64-linux-gnu
Configured with: ../src/configure -v --with-pkgversion='Debian 6.4.0-2' --with-bugurl=file:///usr/share/doc/gcc-6/README.Bugs --enable-languages=c,ada,c++,java,go,d,fortran,objc,obj-c++ --prefix=/usr --program-suffix=-6 --program-prefix=x86_64-linux-gnu- --enable-shared --enable-linker-build-id --libexecdir=/usr/lib --without-included-gettext --enable-threads=posix --libdir=/usr/lib --enable-nls --with-sysroot=/ --enable-clocale=gnu --enable-libstdcxx-debug --enable-libstdcxx-time=yes --with-default-libstdcxx-abi=new --enable-gnu-unique-object --disable-vtable-verify --enable-libmpx --enable-plugin --enable-default-pie --with-system-zlib --disable-browser-plugin --enable-java-awt=gtk --enable-gtk-cairo --with-java-home=/usr/lib/jvm/java-1.5.0-gcj-6-amd64/jre --enable-java-home --with-jvm-root-dir=/usr/lib/jvm/java-1.5.0-gcj-6-amd64 --with-jvm-jar-dir=/usr/lib/jvm-exports/java-1.5.0-gcj-6-amd64 --with-arch-directory=amd64 --with-ecj-jar=/usr/share/java/eclipse-ecj.jar --with-target-system-zlib --enable-objc-gc=auto --enable-multiarch --with-arch-32=i686 --with-abi=m64 --with-multilib-list=m32,m64,mx32 --enable-multilib --with-tune=generic --enable-checking=release --build=x86_64-linux-gnu --host=x86_64-linux-gnu --target=x86_64-linux-gnu
Thread model: posix
gcc version 6.4.0 20170724 (Debian 6.4.0-2) 
COMPILER_PATH=/usr/lib/gcc/x86_64-linux-gnu/6/:/usr/lib/gcc/x86_64-linux-gnu/6/:/usr/lib/gcc/x86_64-linux-gnu/:/usr/lib/gcc/x86_64-linux-gnu/6/:/usr/lib/gcc/x86_64-linux-gnu/
LIBRARY_PATH=/usr/lib/gcc/x86_64-linux-gnu/6/:/usr/lib/gcc/x86_64-linux-gnu/6/../../../x86_64-linux-gnu/:/usr/lib/gcc/x86_64-linux-gnu/6/../../../../lib/:/lib/x86_64-linux-gnu/:/lib/../lib/:/usr/lib/x86_64-linux-gnu/:/usr/lib/../lib/:/usr/lib/gcc/x86_64-linux-gnu/6/../../../:/lib/:/usr/lib/
COLLECT_GCC_OPTIONS='-v' '-o' 'cmTC_5e5dc' '-rdynamic' '-shared-libgcc' '-mtune=generic' '-march=x86-64'
 /usr/lib/gcc/x86_64-linux-gnu/6/collect2 -plugin /usr/lib/gcc/x86_64-linux-gnu/6/liblto_plugin.so -plugin-opt=/usr/lib/gcc/x86_64-linux-gnu/6/lto-wrapper -plugin-opt=-fresolution=/tmp/ccbXO7Xm.res -plugin-opt=-pass-through=-lgcc_s -plugin-opt=-pass-through=-lgcc -plugin-opt=-pass-through=-lc -plugin-opt=-pass-through=-lgcc_s -plugin-opt=-pass-through=-lgcc --sysroot=/ --build-id --eh-frame-hdr -m elf_x86_64 --hash-style=gnu -export-dynamic -dynamic-linker /lib64/ld-linux-x86-64.so.2 -pie -o cmTC_5e5dc /usr/lib/gcc/x86_64-linux-gnu/6/../../../x86_64-linux-gnu/Scrt1.o /usr/lib/gcc/x86_64-linux-gnu/6/../../../x86_64-linux-gnu/crti.o /usr/lib/gcc/x86_64-linux-gnu/6/crtbeginS.o -L/usr/lib/gcc/x86_64-linux-gnu/6 -L/usr/lib/gcc/x86_64-linux-gnu/6/../../../x86_64-linux-gnu -L/usr/lib/gcc/x86_64-linux-gnu/6/../../../../lib -L/lib/x86_64-linux-gnu -L/lib/../lib -L/usr/lib/x86_64-linux-gnu -L/usr/lib/../lib -L/usr/lib/gcc/x86_64-linux-gnu/6/../../.. CMakeFiles/cmTC_5e5dc.dir/CMakeCXXCompilerABI.cpp.o -lstdc++ -lm -lgcc_s -lgcc -lc -lgcc_s -lgcc /usr/lib/gcc/x86_64-linux-gnu/6/crtendS.o /usr/lib/gcc/x86_64-linux-gnu/6/../../../x86_64-linux-gnu/crtn.o
COLLECT_GCC_OPTIONS='-v' '-o' 'cmTC_5e5dc' '-rdynamic' '-shared-libgcc' '-mtune=generic' '-march=x86-64'
make[4]: Leaving directory '/home/ntauthority/Desktop/CERN-HSF/yampl/build/LibSourcey-prefix/src/LibSourcey-build/CMakeFiles/CMakeTmp'
make[3]: Leaving directory '/home/ntauthority/Desktop/CERN-HSF/yampl/build/LibSourcey-prefix/src/LibSourcey-build/CMakeFiles/CMakeTmp'


Parsed CXX implicit link information from above output:
  link line regex: [^( *|.*[/\])(ld|([^/\]+-)?ld|collect2)[^/\]*( |$)]
  ignore line: [Change Dir: /home/ntauthority/Desktop/CERN-HSF/yampl/build/LibSourcey-prefix/src/LibSourcey-build/CMakeFiles/CMakeTmp]
  ignore line: []
  ignore line: [Run Build Command:"/usr/bin/make" "cmTC_5e5dc/fast"]
  ignore line: [make[3]: Entering directory '/home/ntauthority/Desktop/CERN-HSF/yampl/build/LibSourcey-prefix/src/LibSourcey-build/CMakeFiles/CMakeTmp']
  ignore line: [/usr/bin/make -f CMakeFiles/cmTC_5e5dc.dir/build.make CMakeFiles/cmTC_5e5dc.dir/build]
  ignore line: [make[4]: Entering directory '/home/ntauthority/Desktop/CERN-HSF/yampl/build/LibSourcey-prefix/src/LibSourcey-build/CMakeFiles/CMakeTmp']
  ignore line: [Building CXX object CMakeFiles/cmTC_5e5dc.dir/CMakeCXXCompilerABI.cpp.o]
  ignore line: [/usr/bin/c++      -o CMakeFiles/cmTC_5e5dc.dir/CMakeCXXCompilerABI.cpp.o -c /usr/share/cmake-3.7/Modules/CMakeCXXCompilerABI.cpp]
  ignore line: [Linking CXX executable cmTC_5e5dc]
  ignore line: [/usr/bin/cmake -E cmake_link_script CMakeFiles/cmTC_5e5dc.dir/link.txt --verbose=1]
  ignore line: [/usr/bin/c++       -v CMakeFiles/cmTC_5e5dc.dir/CMakeCXXCompilerABI.cpp.o  -o cmTC_5e5dc -rdynamic  ]
  ignore line: [Using built-in specs.]
  ignore line: [COLLECT_GCC=/usr/bin/c++]
  ignore line: [COLLECT_LTO_WRAPPER=/usr/lib/gcc/x86_64-linux-gnu/6/lto-wrapper]
  ignore line: [Target: x86_64-linux-gnu]
  ignore line: [Configured with: ../src/configure -v --with-pkgversion='Debian 6.4.0-2' --with-bugurl=file:///usr/share/doc/gcc-6/README.Bugs --enable-languages=c,ada,c++,java,go,d,fortran,objc,obj-c++ --prefix=/usr --program-suffix=-6 --program-prefix=x86_64-linux-gnu- --enable-shared --enable-linker-build-id --libexecdir=/usr/lib --without-included-gettext --enable-threads=posix --libdir=/usr/lib --enable-nls --with-sysroot=/ --enable-clocale=gnu --enable-libstdcxx-debug --enable-libstdcxx-time=yes --with-default-libstdcxx-abi=new --enable-gnu-unique-object --disable-vtable-verify --enable-libmpx --enable-plugin --enable-default-pie --with-system-zlib --disable-browser-plugin --enable-java-awt=gtk --enable-gtk-cairo --with-java-home=/usr/lib/jvm/java-1.5.0-gcj-6-amd64/jre --enable-java-home --with-jvm-root-dir=/usr/lib/jvm/java-1.5.0-gcj-6-amd64 --with-jvm-jar-dir=/usr/lib/jvm-exports/java-1.5.0-gcj-6-amd64 --with-arch-directory=amd64 --with-ecj-jar=/usr/share/java/eclipse-ecj.jar --with-target-system-zlib --enable-objc-gc=auto --enable-multiarch --with-arch-32=i686 --with-abi=m64 --with-multilib-list=m32,m64,mx32 --enable-multilib --with-tune=generic --enable-checking=release --build=x86_64-linux-gnu --host=x86_64-linux-gnu --target=x86_64-linux-gnu]
  ignore line: [Thread model: posix]
  ignore line: [gcc version 6.4.0 20170724 (Debian 6.4.0-2) ]
  ignore line: [COMPILER_PATH=/usr/lib/gcc/x86_64-linux-gnu/6/:/usr/lib/gcc/x86_64-linux-gnu/6/:/usr/lib/gcc/x86_64-linux-gnu/:/usr/lib/gcc/x86_64-linux-gnu/6/:/usr/lib/gcc/x86_64-linux-gnu/]
  ignore line: [LIBRARY_PATH=/usr/lib/gcc/x86_64-linux-gnu/6/:/usr/lib/gcc/x86_64-linux-gnu/6/../../../x86_64-linux-gnu/:/usr/lib/gcc/x86_64-linux-gnu/6/../../../../lib/:/lib/x86_64-linux-gnu/:/lib/../lib/:/usr/lib/x86_64-linux-gnu/:/usr/lib/../lib/:/usr/lib/gcc/x86_64-linux-gnu/6/../../../:/lib/:/usr/lib/]
  ignore line: [COLLECT_GCC_OPTIONS='-v' '-o' 'cmTC_5e5dc' '-rdynamic' '-shared-libgcc' '-mtune=generic' '-march=x86-64']
  link line: [ /usr/lib/gcc/x86_64-linux-gnu/6/collect2 -plugin /usr/lib/gcc/x86_64-linux-gnu/6/liblto_plugin.so -plugin-opt=/usr/lib/gcc/x86_64-linux-gnu/6/lto-wrapper -plugin-opt=-fresolution=/tmp/ccbXO7Xm.res -plugin-opt=-pass-through=-lgcc_s -plugin-opt=-pass-through=-lgcc -plugin-opt=-pass-through=-lc -plugin-opt=-pass-through=-lgcc_s -plugin-opt=-pass-through=-lgcc --sysroot=/ --build-id --eh-frame-hdr -m elf_x86_64 --hash-style=gnu -export-dynamic -dynamic-linker /lib64/ld-linux-x86-64.so.2 -pie -o cmTC_5e5dc /usr/lib/gcc/x86_64-linux-gnu/6/../../../x86_64-linux-gnu/Scrt1.o /usr/lib/gcc/x86_64-linux-gnu/6/../../../x86_64-linux-gnu/crti.o /usr/lib/gcc/x86_64-linux-gnu/6/crtbeginS.o -L/usr/lib/gcc/x86_64-linux-gnu/6 -L/usr/lib/gcc/x86_64-linux-gnu/6/../../../x86_64-linux-gnu -L/usr/lib/gcc/x86_64-linux-gnu/6/../../../../lib -L/lib/x86_64-linux-gnu -L/lib/../lib -L/usr/lib/x86_64-linux-gnu -L/usr/lib/../lib -L/usr/lib/gcc/x86_64-linux-gnu/6/../../.. CMakeFiles/cmTC_5e5dc.dir/CMakeCXXCompilerABI.cpp.o -lstdc++ -lm -lgcc_s -lgcc -lc -lgcc_s -lgcc /usr/lib/gcc/x86_64-linux-gnu/6/crtendS.o /usr/lib/gcc/x86_64-linux-gnu/6/../../../x86_64-linux-gnu/crtn.o]
    arg [/usr/lib/gcc/x86_64-linux-gnu/6/collect2] ==> ignore
    arg [-plugin] ==> ignore
    arg [/usr/lib/gcc/x86_64-linux-gnu/6/liblto_plugin.so] ==> ignore
    arg [-plugin-opt=/usr/lib/gcc/x86_64-linux-gnu/6/lto-wrapper] ==> ignore
    arg [-plugin-opt=-fresolution=/tmp/ccbXO7Xm.res] ==> ignore
    arg [-plugin-opt=-pass-through=-lgcc_s] ==> ignore
    arg [-plugin-opt=-pass-through=-lgcc] ==> ignore
    arg [-plugin-opt=-pass-through=-lc] ==> ignore
    arg [-plugin-opt=-pass-through=-lgcc_s] ==> ignore
    arg [-plugin-opt=-pass-through=-lgcc] ==> ignore
    arg [--sysroot=/] ==> ignore
    arg [--build-id] ==> ignore
    arg [--eh-frame-hdr] ==> ignore
    arg [-m] ==> ignore
    arg [elf_x86_64] ==> ignore
    arg [--hash-style=gnu] ==> ignore
    arg [-export-dynamic] ==> ignore
    arg [-dynamic-linker] ==> ignore
    arg [/lib64/ld-linux-x86-64.so.2] ==> ignore
    arg [-pie] ==> ignore
    arg [-o] ==> ignore
    arg [cmTC_5e5dc] ==> ignore
    arg [/usr/lib/gcc/x86_64-linux-gnu/6/../../../x86_64-linux-gnu/Scrt1.o] ==> ignore
    arg [/usr/lib/gcc/x86_64-linux-gnu/6/../../../x86_64-linux-gnu/crti.o] ==> ignore
    arg [/usr/lib/gcc/x86_64-linux-gnu/6/crtbeginS.o] ==> ignore
    arg [-L/usr/lib/gcc/x86_64-linux-gnu/6] ==> dir [/usr/lib/gcc/x86_64-linux-gnu/6]
    arg [-L/usr/lib/gcc/x86_64-linux-gnu/6/../../../x86_64-linux-gnu] ==> dir [/usr/lib/gcc/x86_64-linux-gnu/6/../../../x86_64-linux-gnu]
    arg [-L/usr/lib/gcc/x86_64-linux-gnu/6/../../../../lib] ==> dir [/usr/lib/gcc/x86_64-linux-gnu/6/../../../../lib]
    arg [-L/lib/x86_64-linux-gnu] ==> dir [/lib/x86_64-linux-gnu]
    arg [-L/lib/../lib] ==> dir [/lib/../lib]
    arg [-L/usr/lib/x86_64-linux-gnu] ==> dir [/usr/lib/x86_64-linux-gnu]
    arg [-L/usr/lib/../lib] ==> dir [/usr/lib/../lib]
    arg [-L/usr/lib/gcc/x86_64-linux-gnu/6/../../..] ==> dir [/usr/lib/gcc/x86_64-linux-gnu/6/../../..]
    arg [CMakeFiles/cmTC_5e5dc.dir/CMakeCXXCompilerABI.cpp.o] ==> ignore
    arg [-lstdc++] ==> lib [stdc++]
    arg [-lm] ==> lib [m]
    arg [-lgcc_s] ==> lib [gcc_s]
    arg [-lgcc] ==> lib [gcc]
    arg [-lc] ==> lib [c]
    arg [-lgcc_s] ==> lib [gcc_s]
    arg [-lgcc] ==> lib [gcc]
    arg [/usr/lib/gcc/x86_64-linux-gnu/6/crtendS.o] ==> ignore
    arg [/usr/lib/gcc/x86_64-linux-gnu/6/../../../x86_64-linux-gnu/crtn.o] ==> ignore
  remove lib [gcc_s]
  remove lib [gcc]
  remove lib [gcc_s]
  remove lib [gcc]
  collapse library dir [/usr/lib/gcc/x86_64-linux-gnu/6] ==> [/usr/lib/gcc/x86_64-linux-gnu/6]
  collapse library dir [/usr/lib/gcc/x86_64-linux-gnu/6/../../../x86_64-linux-gnu] ==> [/usr/lib/x86_64-linux-gnu]
  collapse library dir [/usr/lib/gcc/x86_64-linux-gnu/6/../../../../lib] ==> [/usr/lib]
  collapse library dir [/lib/x86_64-linux-gnu] ==> [/lib/x86_64-linux-gnu]
  collapse library dir [/lib/../lib] ==> [/lib]
  collapse library dir [/usr/lib/x86_64-linux-gnu] ==> [/usr/lib/x86_64-linux-gnu]
  collapse library dir [/usr/lib/../lib] ==> [/usr/lib]
  collapse library dir [/usr/lib/gcc/x86_64-linux-gnu/6/../../..] ==> [/usr/lib]
  implicit libs: [stdc++;m;c]
  implicit dirs: [/usr/lib/gcc/x86_64-linux-gnu/6;/usr/lib/x86_64-linux-gnu;/usr/lib;/lib/x86_64-linux-gnu;/lib]
  implicit fwks: []




Detecting CXX [-std=c++14] compiler features compiled with the following output:
Change Dir: /home/ntauthority/Desktop/CERN-HSF/yampl/build/LibSourcey-prefix/src/LibSourcey-build/CMakeFiles/CMakeTmp

Run Build Command:"/usr/bin/make" "cmTC_c4ae4/fast"
make[3]: Entering directory '/home/ntauthority/Desktop/CERN-HSF/yampl/build/LibSourcey-prefix/src/LibSourcey-build/CMakeFiles/CMakeTmp'
/usr/bin/make -f CMakeFiles/cmTC_c4ae4.dir/build.make CMakeFiles/cmTC_c4ae4.dir/build
make[4]: Entering directory '/home/ntauthority/Desktop/CERN-HSF/yampl/build/LibSourcey-prefix/src/LibSourcey-build/CMakeFiles/CMakeTmp'
Building CXX object CMakeFiles/cmTC_c4ae4.dir/feature_tests.cxx.o
/usr/bin/c++     -std=c++14 -o CMakeFiles/cmTC_c4ae4.dir/feature_tests.cxx.o -c /home/ntauthority/Desktop/CERN-HSF/yampl/build/LibSourcey-prefix/src/LibSourcey-build/CMakeFiles/feature_tests.cxx
Linking CXX executable cmTC_c4ae4
/usr/bin/cmake -E cmake_link_script CMakeFiles/cmTC_c4ae4.dir/link.txt --verbose=1
/usr/bin/c++        CMakeFiles/cmTC_c4ae4.dir/feature_tests.cxx.o  -o cmTC_c4ae4 -rdynamic 
make[4]: Leaving directory '/home/ntauthority/Desktop/CERN-HSF/yampl/build/LibSourcey-prefix/src/LibSourcey-build/CMakeFiles/CMakeTmp'
make[3]: Leaving directory '/home/ntauthority/Desktop/CERN-HSF/yampl/build/LibSourcey-prefix/src/LibSourcey-build/CMakeFiles/CMakeTmp'


    Feature record: CXX_FEATURE:1cxx_aggregate_default_initializers
    Feature record: CXX_FEATURE:1cxx_alias_templates
    Feature record: CXX_FEATURE:1cxx_alignas
    Feature record: CXX_FEATURE:1cxx_alignof
    Feature record: CXX_FEATURE:1cxx_attributes
    Feature record: CXX_FEATURE:1cxx_attribute_deprecated
    Feature record: CXX_FEATURE:1cxx_auto_type
    Feature record: CXX_FEATURE:1cxx_binary_literals
    Feature record: CXX_FEATURE:1cxx_constexpr
    Feature record: CXX_FEATURE:1cxx_contextual_conversions
    Feature record: CXX_FEATURE:1cxx_decltype
    Feature record: CXX_FEATURE:1cxx_decltype_auto
    Feature record: CXX_FEATURE:1cxx_decltype_incomplete_return_types
    Feature record: CXX_FEATURE:1cxx_default_function_template_args
    Feature record: CXX_FEATURE:1cxx_defaulted_functions
    Feature record: CXX_FEATURE:1cxx_defaulted_move_initializers
    Feature record: CXX_FEATURE:1cxx_delegating_constructors
    Feature record: CXX_FEATURE:1cxx_deleted_functions
    Feature record: CXX_FEATURE:1cxx_digit_separators
    Feature record: CXX_FEATURE:1cxx_enum_forward_declarations
    Feature record: CXX_FEATURE:1cxx_explicit_conversions
    Feature record: CXX_FEATURE:1cxx_extended_friend_declarations
    Feature record: CXX_FEATURE:1cxx_extern_templates
    Feature record: CXX_FEATURE:1cxx_final
    Feature record: CXX_FEATURE:1cxx_func_identifier
    Feature record: CXX_FEATURE:1cxx_generalized_initializers
    Feature record: CXX_FEATURE:1cxx_generic_lambdas
    Feature record: CXX_FEATURE:1cxx_inheriting_constructors
    Feature record: CXX_FEATURE:1cxx_inline_namespaces
    Feature record: CXX_FEATURE:1cxx_lambdas
    Feature record: CXX_FEATURE:1cxx_lambda_init_captures
    Feature record: CXX_FEATURE:1cxx_local_type_template_args
    Feature record: CXX_FEATURE:1cxx_long_long_type
    Feature record: CXX_FEATURE:1cxx_noexcept
    Feature record: CXX_FEATURE:1cxx_nonstatic_member_init
    Feature record: CXX_FEATURE:1cxx_nullptr
    Feature record: CXX_FEATURE:1cxx_override
    Feature record: CXX_FEATURE:1cxx_range_for
    Feature record: CXX_FEATURE:1cxx_raw_string_literals
    Feature record: CXX_FEATURE:1cxx_reference_qualified_functions
    Feature record: CXX_FEATURE:1cxx_relaxed_constexpr
    Feature record: CXX_FEATURE:1cxx_return_type_deduction
    Feature record: CXX_FEATURE:1cxx_right_angle_brackets
    Feature record: CXX_FEATURE:1cxx_rvalue_references
    Feature record: CXX_FEATURE:1cxx_sizeof_member
    Feature record: CXX_FEATURE:1cxx_static_assert
    Feature record: CXX_FEATURE:1cxx_strong_enums
    Feature record: CXX_FEATURE:1cxx_template_template_parameters
    Feature record: CXX_FEATURE:1cxx_thread_local
    Feature record: CXX_FEATURE:1cxx_trailing_return_types
    Feature record: CXX_FEATURE:1cxx_unicode_literals
    Feature record: CXX_FEATURE:1cxx_uniform_initialization
    Feature record: CXX_FEATURE:1cxx_unrestricted_unions
    Feature record: CXX_FEATURE:1cxx_user_literals
    Feature record: CXX_FEATURE:1cxx_variable_templates
    Feature record: CXX_FEATURE:1cxx_variadic_macros
    Feature record: CXX_FEATURE:1cxx_variadic_templates


Detecting CXX [-std=c++11] compiler features compiled with the following output:
Change Dir: /home/ntauthority/Desktop/CERN-HSF/yampl/build/LibSourcey-prefix/src/LibSourcey-build/CMakeFiles/CMakeTmp

Run Build Command:"/usr/bin/make" "cmTC_fa21f/fast"
make[3]: Entering directory '/home/ntauthority/Desktop/CERN-HSF/yampl/build/LibSourcey-prefix/src/LibSourcey-build/CMakeFiles/CMakeTmp'
/usr/bin/make -f CMakeFiles/cmTC_fa21f.dir/build.make CMakeFiles/cmTC_fa21f.dir/build
make[4]: Entering directory '/home/ntauthority/Desktop/CERN-HSF/yampl/build/LibSourcey-prefix/src/LibSourcey-build/CMakeFiles/CMakeTmp'
Building CXX object CMakeFiles/cmTC_fa21f.dir/feature_tests.cxx.o
/usr/bin/c++     -std=c++11 -o CMakeFiles/cmTC_fa21f.dir/feature_tests.cxx.o -c /home/ntauthority/Desktop/CERN-HSF/yampl/build/LibSourcey-prefix/src/LibSourcey-build/CMakeFiles/feature_tests.cxx
Linking CXX executable cmTC_fa21f
/usr/bin/cmake -E cmake_link_script CMakeFiles/cmTC_fa21f.dir/link.txt --verbose=1
/usr/bin/c++        CMakeFiles/cmTC_fa21f.dir/feature_tests.cxx.o  -o cmTC_fa21f -rdynamic 
make[4]: Leaving directory '/home/ntauthority/Desktop/CERN-HSF/yampl/build/LibSourcey-prefix/src/LibSourcey-build/CMakeFiles/CMakeTmp'
make[3]: Leaving directory '/home/ntauthority/Desktop/CERN-HSF/yampl/build/LibSourcey-prefix/src/LibSourcey-build/CMakeFiles/CMakeTmp'


    Feature record: CXX_FEATURE:0cxx_aggregate_default_initializers
    Feature record: CXX_FEATURE:1cxx_alias_templates
    Feature record: CXX_FEATURE:1cxx_alignas
    Feature record: CXX_FEATURE:1cxx_alignof
    Feature record: CXX_FEATURE:1cxx_attributes
    Feature record: CXX_FEATURE:0cxx_attribute_deprecated
    Feature record: CXX_FEATURE:1cxx_auto_type
    Feature record: CXX_FEATURE:0cxx_binary_literals
    Feature record: CXX_FEATURE:1cxx_constexpr
    Feature record: CXX_FEATURE:0cxx_contextual_conversions
    Feature record: CXX_FEATURE:1cxx_decltype
    Feature record: CXX_FEATURE:0cxx_decltype_auto
    Feature record: CXX_FEATURE:1cxx_decltype_incomplete_return_types
    Feature record: CXX_FEATURE:1cxx_default_function_template_args
    Feature record: CXX_FEATURE:1cxx_defaulted_functions
    Feature record: CXX_FEATURE:1cxx_defaulted_move_initializers
    Feature record: CXX_FEATURE:1cxx_delegating_constructors
    Feature record: CXX_FEATURE:1cxx_deleted_functions
    Feature record: CXX_FEATURE:0cxx_digit_separators
    Feature record: CXX_FEATURE:1cxx_enum_forward_declarations
    Feature record: CXX_FEATURE:1cxx_explicit_conversions
    Feature record: CXX_FEATURE:1cxx_extended_friend_declarations
    Feature record: CXX_FEATURE:1cxx_extern_templates
    Feature record: CXX_FEATURE:1cxx_final
    Feature record: CXX_FEATURE:1cxx_func_identifier
    Feature record: CXX_FEATURE:1cxx_generalized_initializers
    Feature record: CXX_FEATURE:0cxx_generic_lambdas
    Feature record: CXX_FEATURE:1cxx_inheriting_constructors
    Feature record: CXX_FEATURE:1cxx_inline_namespaces
    Feature record: CXX_FEATURE:1cxx_lambdas
    Feature record: CXX_FEATURE:0cxx_lambda_init_captures
    Feature record: CXX_FEATURE:1cxx_local_type_template_args
    Feature record: CXX_FEATURE:1cxx_long_long_type
    Feature record: CXX_FEATURE:1cxx_noexcept
    Feature record: CXX_FEATURE:1cxx_nonstatic_member_init
    Feature record: CXX_FEATURE:1cxx_nullptr
    Feature record: CXX_FEATURE:1cxx_override
    Feature record: CXX_FEATURE:1cxx_range_for
    Feature record: CXX_FEATURE:1cxx_raw_string_literals
    Feature record: CXX_FEATURE:1cxx_reference_qualified_functions
    Feature record: CXX_FEATURE:0cxx_relaxed_constexpr
    Feature record: CXX_FEATURE:0cxx_return_type_deduction
    Feature record: CXX_FEATURE:1cxx_right_angle_brackets
    Feature record: CXX_FEATURE:1cxx_rvalue_references
    Feature record: CXX_FEATURE:1cxx_sizeof_member
    Feature record: CXX_FEATURE:1cxx_static_assert
    Feature record: CXX_FEATURE:1cxx_strong_enums
    Feature record: CXX_FEATURE:1cxx_template_template_parameters
    Feature record: CXX_FEATURE:1cxx_thread_local
    Feature record: CXX_FEATURE:1cxx_trailing_return_types
    Feature record: CXX_FEATURE:1cxx_unicode_literals
    Feature record: CXX_FEATURE:1cxx_uniform_initialization
    Feature record: CXX_FEATURE:1cxx_unrestricted_unions
    Feature record: CXX_FEATURE:1cxx_user_literals
    Feature record: CXX_FEATURE:0cxx_variable_templates
    Feature record: CXX_FEATURE:1cxx_variadic_macros
    Feature record: CXX_FEATURE:1cxx_variadic_templates


Detecting CXX [-std=c++98] compiler features compiled with the following output:
Change Dir: /home/ntauthority/Desktop/CERN-HSF/yampl/build/LibSourcey-prefix/src/LibSourcey-build/CMakeFiles/CMakeTmp

Run Build Command:"/usr/bin/make" "cmTC_8aa1d/fast"
make[3]: Entering directory '/home/ntauthority/Desktop/CERN-HSF/yampl/build/LibSourcey-prefix/src/LibSourcey-build/CMakeFiles/CMakeTmp'
/usr/bin/make -f CMakeFiles/cmTC_8aa1d.dir/build.make CMakeFiles/cmTC_8aa1d.dir/build
make[4]: Entering directory '/home/ntauthority/Desktop/CERN-HSF/yampl/build/LibSourcey-prefix/src/LibSourcey-build/CMakeFiles/CMakeTmp'
Building CXX object CMakeFiles/cmTC_8aa1d.dir/feature_tests.cxx.o
/usr/bin/c++     -std=c++98 -o CMakeFiles/cmTC_8aa1d.dir/feature_tests.cxx.o -c /home/ntauthority/Desktop/CERN-HSF/yampl/build/LibSourcey-prefix/src/LibSourcey-build/CMakeFiles/feature_tests.cxx
Linking CXX executable cmTC_8aa1d
/usr/bin/cmake -E cmake_link_script CMakeFiles/cmTC_8aa1d.dir/link.txt --verbose=1
/usr/bin/c++        CMakeFiles/cmTC_8aa1d.dir/feature_tests.cxx.o  -o cmTC_8aa1d -rdynamic 
make[4]: Leaving directory '/home/ntauthority/Desktop/CERN-HSF/yampl/build/LibSourcey-prefix/src/LibSourcey-build/CMakeFiles/CMakeTmp'
make[3]: Leaving directory '/home/ntauthority/Desktop/CERN-HSF/yampl/build/LibSourcey-prefix/src/LibSourcey-build/CMakeFiles/CMakeTmp'


    Feature record: CXX_FEATURE:0cxx_aggregate_default_initializers
    Feature record: CXX_FEATURE:0cxx_alias_templates
    Feature record: CXX_FEATURE:0cxx_alignas
    Feature record: CXX_FEATURE:0cxx_alignof
    Feature record: CXX_FEATURE:0cxx_attributes
    Feature record: CXX_FEATURE:0cxx_attribute_deprecated
    Feature record: CXX_FEATURE:0cxx_auto_type
    Feature record: CXX_FEATURE:0cxx_binary_literals
    Feature record: CXX_FEATURE:0cxx_constexpr
    Feature record: CXX_FEATURE:0cxx_contextual_conversions
    Feature record: CXX_FEATURE:0cxx_decltype
    Feature record: CXX_FEATURE:0cxx_decltype_auto
    Feature record: CXX_FEATURE:0cxx_decltype_incomplete_return_types
    Feature record: CXX_FEATURE:0cxx_default_function_template_args
    Feature record: CXX_FEATURE:0cxx_defaulted_functions
    Feature record: CXX_FEATURE:0cxx_defaulted_move_initializers
    Feature record: CXX_FEATURE:0cxx_delegating_constructors
    Feature record: CXX_FEATURE:0cxx_deleted_functions
    Feature record: CXX_FEATURE:0cxx_digit_separators
    Feature record: CXX_FEATURE:0cxx_enum_forward_declarations
    Feature record: CXX_FEATURE:0cxx_explicit_conversions
    Feature record: CXX_FEATURE:0cxx_extended_friend_declarations
    Feature record: CXX_FEATURE:0cxx_extern_templates
    Feature record: CXX_FEATURE:0cxx_final
    Feature record: CXX_FEATURE:0cxx_func_identifier
    Feature record: CXX_FEATURE:0cxx_generalized_initializers
    Feature record: CXX_FEATURE:0cxx_generic_lambdas
    Feature record: CXX_FEATURE:0cxx_inheriting_constructors
    Feature record: CXX_FEATURE:0cxx_inline_namespaces
    Feature record: CXX_FEATURE:0cxx_lambdas
    Feature record: CXX_FEATURE:0cxx_lambda_init_captures
    Feature record: CXX_FEATURE:0cxx_local_type_template_args
    Feature record: CXX_FEATURE:0cxx_long_long_type
    Feature record: CXX_FEATURE:0cxx_noexcept
    Feature record: CXX_FEATURE:0cxx_nonstatic_member_init
    Feature record: CXX_FEATURE:0cxx_nullptr
    Feature record: CXX_FEATURE:0cxx_override
    Feature record: CXX_FEATURE:0cxx_range_for
    Feature record: CXX_FEATURE:0cxx_raw_string_literals
    Feature record: CXX_FEATURE:0cxx_reference_qualified_functions
    Feature record: CXX_FEATURE:0cxx_relaxed_constexpr
    Feature record: CXX_FEATURE:0cxx_return_type_deduction
    Feature record: CXX_FEATURE:0cxx_right_angle_brackets
    Feature record: CXX_FEATURE:0cxx_rvalue_references
    Feature record: CXX_FEATURE:0cxx_sizeof_member
    Feature record: CXX_FEATURE:0cxx_static_assert
    Feature record: CXX_FEATURE:0cxx_strong_enums
    Feature record: CXX_FEATURE:1cxx_template_template_parameters
    Feature record: CXX_FEATURE:0cxx_thread_local
    Feature record: CXX_FEATURE:0cxx_trailing_return_types
    Feature record: CXX_FEATURE:0cxx_unicode_literals
    Feature record: CXX_FEATURE:0cxx_uniform_initialization
    Feature record: CXX_FEATURE:0cxx_unrestricted_unions
    Feature record: CXX_FEATURE:0cxx_user_literals
    Feature record: CXX_FEATURE:0cxx_variable_templates
    Feature record: CXX_FEATURE:0cxx_variadic_macros
    Feature record: CXX_FEATURE:0cxx_variadic_templates
Determining if the include file pthread.h exists passed with the following output:
Change Dir: /home/ntauthority/Desktop/CERN-HSF/yampl/build/LibSourcey-prefix/src/LibSourcey-build/CMakeFiles/CMakeTmp

Run Build Command:"/usr/bin/make" "cmTC_af25f/fast"
make[3]: Entering directory '/home/ntauthority/Desktop/CERN-HSF/yampl/build/LibSourcey-prefix/src/LibSourcey-build/CMakeFiles/CMakeTmp'
/usr/bin/make -f CMakeFiles/cmTC_af25f.dir/build.make CMakeFiles/cmTC_af25f.dir/build
make[4]: Entering directory '/home/ntauthority/Desktop/CERN-HSF/yampl/build/LibSourcey-prefix/src/LibSourcey-build/CMakeFiles/CMakeTmp'
Building C object CMakeFiles/cmTC_af25f.dir/CheckIncludeFile.c.o
/usr/bin/cc    -Wall -Wno-long-long -pthread -fomit-frame-pointer -ffunction-sections    -o CMakeFiles/cmTC_af25f.dir/CheckIncludeFile.c.o   -c /home/ntauthority/Desktop/CERN-HSF/yampl/build/LibSourcey-prefix/src/LibSourcey-build/CMakeFiles/CMakeTmp/CheckIncludeFile.c
Linking C executable cmTC_af25f
/usr/bin/cmake -E cmake_link_script CMakeFiles/cmTC_af25f.dir/link.txt --verbose=1
/usr/bin/cc    -Wall -Wno-long-long -pthread -fomit-frame-pointer -ffunction-sections     CMakeFiles/cmTC_af25f.dir/CheckIncludeFile.c.o  -o cmTC_af25f -rdynamic 
make[4]: Leaving directory '/home/ntauthority/Desktop/CERN-HSF/yampl/build/LibSourcey-prefix/src/LibSourcey-build/CMakeFiles/CMakeTmp'
make[3]: Leaving directory '/home/ntauthority/Desktop/CERN-HSF/yampl/build/LibSourcey-prefix/src/LibSourcey-build/CMakeFiles/CMakeTmp'


Determining if the pthread_create exist passed with the following output:
Change Dir: /home/ntauthority/Desktop/CERN-HSF/yampl/build/LibSourcey-prefix/src/LibSourcey-build/CMakeFiles/CMakeTmp

Run Build Command:"/usr/bin/make" "cmTC_63885/fast"
make[3]: Entering directory '/home/ntauthority/Desktop/CERN-HSF/yampl/build/LibSourcey-prefix/src/LibSourcey-build/CMakeFiles/CMakeTmp'
/usr/bin/make -f CMakeFiles/cmTC_63885.dir/build.make CMakeFiles/cmTC_63885.dir/build
make[4]: Entering directory '/home/ntauthority/Desktop/CERN-HSF/yampl/build/LibSourcey-prefix/src/LibSourcey-build/CMakeFiles/CMakeTmp'
Building C object CMakeFiles/cmTC_63885.dir/CheckSymbolExists.c.o
/usr/bin/cc    -Wall -Wno-long-long -pthread -fomit-frame-pointer -ffunction-sections    -o CMakeFiles/cmTC_63885.dir/CheckSymbolExists.c.o   -c /home/ntauthority/Desktop/CERN-HSF/yampl/build/LibSourcey-prefix/src/LibSourcey-build/CMakeFiles/CMakeTmp/CheckSymbolExists.c
Linking C executable cmTC_63885
/usr/bin/cmake -E cmake_link_script CMakeFiles/cmTC_63885.dir/link.txt --verbose=1
/usr/bin/cc    -Wall -Wno-long-long -pthread -fomit-frame-pointer -ffunction-sections     CMakeFiles/cmTC_63885.dir/CheckSymbolExists.c.o  -o cmTC_63885 -rdynamic 
make[4]: Leaving directory '/home/ntauthority/Desktop/CERN-HSF/yampl/build/LibSourcey-prefix/src/LibSourcey-build/CMakeFiles/CMakeTmp'
make[3]: Leaving directory '/home/ntauthority/Desktop/CERN-HSF/yampl/build/LibSourcey-prefix/src/LibSourcey-build/CMakeFiles/CMakeTmp'

File /home/ntauthority/Desktop/CERN-HSF/yampl/build/LibSourcey-prefix/src/LibSourcey-build/CMakeFiles/CMakeTmp/CheckSymbolExists.c:
/* */
#include <pthread.h>

int main(int argc, char** argv)
{
  (void)argv;
#ifndef pthread_create
  return ((int*)(&pthread_create))[argc];
#else
  (void)argc;
  return 0;
#endif
}

Performing C SOURCE FILE Test _flag_supported succeeded with the following output:
Change Dir: /home/ntauthority/Desktop/CERN-HSF/yampl/build/LibSourcey-prefix/src/LibSourcey-build/CMakeFiles/CMakeTmp

Run Build Command:"/usr/bin/make" "cmTC_84591/fast"
make[3]: Entering directory '/home/ntauthority/Desktop/CERN-HSF/yampl/build/LibSourcey-prefix/src/LibSourcey-build/CMakeFiles/CMakeTmp'
/usr/bin/make -f CMakeFiles/cmTC_84591.dir/build.make CMakeFiles/cmTC_84591.dir/build
make[4]: Entering directory '/home/ntauthority/Desktop/CERN-HSF/yampl/build/LibSourcey-prefix/src/LibSourcey-build/CMakeFiles/CMakeTmp'
Building C object CMakeFiles/cmTC_84591.dir/src.c.o
/usr/bin/cc    -Wall -Wno-long-long -pthread -fomit-frame-pointer -ffunction-sections -D_flag_supported   -fvisibility=hidden -o CMakeFiles/cmTC_84591.dir/src.c.o   -c /home/ntauthority/Desktop/CERN-HSF/yampl/build/LibSourcey-prefix/src/LibSourcey-build/CMakeFiles/CMakeTmp/src.c
Linking C executable cmTC_84591
/usr/bin/cmake -E cmake_link_script CMakeFiles/cmTC_84591.dir/link.txt --verbose=1
/usr/bin/cc    -Wall -Wno-long-long -pthread -fomit-frame-pointer -ffunction-sections -D_flag_supported    CMakeFiles/cmTC_84591.dir/src.c.o  -o cmTC_84591 -rdynamic 
make[4]: Leaving directory '/home/ntauthority/Desktop/CERN-HSF/yampl/build/LibSourcey-prefix/src/LibSourcey-build/CMakeFiles/CMakeTmp'
make[3]: Leaving directory '/home/ntauthority/Desktop/CERN-HSF/yampl/build/LibSourcey-prefix/src/LibSourcey-build/CMakeFiles/CMakeTmp'

Source file was:
int main(void) { return 0; }
Determining if the include file sys/types.h exists passed with the following output:
Change Dir: /home/ntauthority/Desktop/CERN-HSF/yampl/build/LibSourcey-prefix/src/LibSourcey-build/CMakeFiles/CMakeTmp

Run Build Command:"/usr/bin/make" "cmTC_b0c90/fast"
make[3]: Entering directory '/home/ntauthority/Desktop/CERN-HSF/yampl/build/LibSourcey-prefix/src/LibSourcey-build/CMakeFiles/CMakeTmp'
/usr/bin/make -f CMakeFiles/cmTC_b0c90.dir/build.make CMakeFiles/cmTC_b0c90.dir/build
make[4]: Entering directory '/home/ntauthority/Desktop/CERN-HSF/yampl/build/LibSourcey-prefix/src/LibSourcey-build/CMakeFiles/CMakeTmp'
Building C object CMakeFiles/cmTC_b0c90.dir/CheckIncludeFile.c.o
/usr/bin/cc    -Wall -Wno-long-long -pthread -fomit-frame-pointer -ffunction-sections    -o CMakeFiles/cmTC_b0c90.dir/CheckIncludeFile.c.o   -c /home/ntauthority/Desktop/CERN-HSF/yampl/build/LibSourcey-prefix/src/LibSourcey-build/CMakeFiles/CMakeTmp/CheckIncludeFile.c
Linking C executable cmTC_b0c90
/usr/bin/cmake -E cmake_link_script CMakeFiles/cmTC_b0c90.dir/link.txt --verbose=1
/usr/bin/cc    -Wall -Wno-long-long -pthread -fomit-frame-pointer -ffunction-sections     CMakeFiles/cmTC_b0c90.dir/CheckIncludeFile.c.o  -o cmTC_b0c90 -rdynamic 
make[4]: Leaving directory '/home/ntauthority/Desktop/CERN-HSF/yampl/build/LibSourcey-prefix/src/LibSourcey-build/CMakeFiles/CMakeTmp'
make[3]: Leaving directory '/home/ntauthority/Desktop/CERN-HSF/yampl/build/LibSourcey-prefix/src/LibSourcey-build/CMakeFiles/CMakeTmp'


Determining if the include file stdint.h exists passed with the following output:
Change Dir: /home/ntauthority/Desktop/CERN-HSF/yampl/build/LibSourcey-prefix/src/LibSourcey-build/CMakeFiles/CMakeTmp

Run Build Command:"/usr/bin/make" "cmTC_1aa15/fast"
make[3]: Entering directory '/home/ntauthority/Desktop/CERN-HSF/yampl/build/LibSourcey-prefix/src/LibSourcey-build/CMakeFiles/CMakeTmp'
/usr/bin/make -f CMakeFiles/cmTC_1aa15.dir/build.make CMakeFiles/cmTC_1aa15.dir/build
make[4]: Entering directory '/home/ntauthority/Desktop/CERN-HSF/yampl/build/LibSourcey-prefix/src/LibSourcey-build/CMakeFiles/CMakeTmp'
Building C object CMakeFiles/cmTC_1aa15.dir/CheckIncludeFile.c.o
/usr/bin/cc    -Wall -Wno-long-long -pthread -fomit-frame-pointer -ffunction-sections    -o CMakeFiles/cmTC_1aa15.dir/CheckIncludeFile.c.o   -c /home/ntauthority/Desktop/CERN-HSF/yampl/build/LibSourcey-prefix/src/LibSourcey-build/CMakeFiles/CMakeTmp/CheckIncludeFile.c
Linking C executable cmTC_1aa15
/usr/bin/cmake -E cmake_link_script CMakeFiles/cmTC_1aa15.dir/link.txt --verbose=1
/usr/bin/cc    -Wall -Wno-long-long -pthread -fomit-frame-pointer -ffunction-sections     CMakeFiles/cmTC_1aa15.dir/CheckIncludeFile.c.o  -o cmTC_1aa15 -rdynamic 
make[4]: Leaving directory '/home/ntauthority/Desktop/CERN-HSF/yampl/build/LibSourcey-prefix/src/LibSourcey-build/CMakeFiles/CMakeTmp'
make[3]: Leaving directory '/home/ntauthority/Desktop/CERN-HSF/yampl/build/LibSourcey-prefix/src/LibSourcey-build/CMakeFiles/CMakeTmp'


Determining if the include file stddef.h exists passed with the following output:
Change Dir: /home/ntauthority/Desktop/CERN-HSF/yampl/build/LibSourcey-prefix/src/LibSourcey-build/CMakeFiles/CMakeTmp

Run Build Command:"/usr/bin/make" "cmTC_11cf6/fast"
make[3]: Entering directory '/home/ntauthority/Desktop/CERN-HSF/yampl/build/LibSourcey-prefix/src/LibSourcey-build/CMakeFiles/CMakeTmp'
/usr/bin/make -f CMakeFiles/cmTC_11cf6.dir/build.make CMakeFiles/cmTC_11cf6.dir/build
make[4]: Entering directory '/home/ntauthority/Desktop/CERN-HSF/yampl/build/LibSourcey-prefix/src/LibSourcey-build/CMakeFiles/CMakeTmp'
Building C object CMakeFiles/cmTC_11cf6.dir/CheckIncludeFile.c.o
/usr/bin/cc    -Wall -Wno-long-long -pthread -fomit-frame-pointer -ffunction-sections    -o CMakeFiles/cmTC_11cf6.dir/CheckIncludeFile.c.o   -c /home/ntauthority/Desktop/CERN-HSF/yampl/build/LibSourcey-prefix/src/LibSourcey-build/CMakeFiles/CMakeTmp/CheckIncludeFile.c
Linking C executable cmTC_11cf6
/usr/bin/cmake -E cmake_link_script CMakeFiles/cmTC_11cf6.dir/link.txt --verbose=1
/usr/bin/cc    -Wall -Wno-long-long -pthread -fomit-frame-pointer -ffunction-sections     CMakeFiles/cmTC_11cf6.dir/CheckIncludeFile.c.o  -o cmTC_11cf6 -rdynamic 
make[4]: Leaving directory '/home/ntauthority/Desktop/CERN-HSF/yampl/build/LibSourcey-prefix/src/LibSourcey-build/CMakeFiles/CMakeTmp'
make[3]: Leaving directory '/home/ntauthority/Desktop/CERN-HSF/yampl/build/LibSourcey-prefix/src/LibSourcey-build/CMakeFiles/CMakeTmp'


Determining size of off64_t passed with the following output:
Change Dir: /home/ntauthority/Desktop/CERN-HSF/yampl/build/LibSourcey-prefix/src/LibSourcey-build/CMakeFiles/CMakeTmp

Run Build Command:"/usr/bin/make" "cmTC_92be4/fast"
make[3]: Entering directory '/home/ntauthority/Desktop/CERN-HSF/yampl/build/LibSourcey-prefix/src/LibSourcey-build/CMakeFiles/CMakeTmp'
/usr/bin/make -f CMakeFiles/cmTC_92be4.dir/build.make CMakeFiles/cmTC_92be4.dir/build
make[4]: Entering directory '/home/ntauthority/Desktop/CERN-HSF/yampl/build/LibSourcey-prefix/src/LibSourcey-build/CMakeFiles/CMakeTmp'
Building C object CMakeFiles/cmTC_92be4.dir/OFF64_T.c.o
/usr/bin/cc  -DHAVE_STDDEF_H -DHAVE_STDINT_H -DHAVE_SYS_TYPES_H -D_LARGEFILE64_SOURCE=1  -Wall -Wno-long-long -pthread -fomit-frame-pointer -ffunction-sections    -o CMakeFiles/cmTC_92be4.dir/OFF64_T.c.o   -c /home/ntauthority/Desktop/CERN-HSF/yampl/build/LibSourcey-prefix/src/LibSourcey-build/CMakeFiles/CheckTypeSize/OFF64_T.c
Linking C executable cmTC_92be4
/usr/bin/cmake -E cmake_link_script CMakeFiles/cmTC_92be4.dir/link.txt --verbose=1
/usr/bin/cc    -Wall -Wno-long-long -pthread -fomit-frame-pointer -ffunction-sections     CMakeFiles/cmTC_92be4.dir/OFF64_T.c.o  -o cmTC_92be4 -rdynamic 
make[4]: Leaving directory '/home/ntauthority/Desktop/CERN-HSF/yampl/build/LibSourcey-prefix/src/LibSourcey-build/CMakeFiles/CMakeTmp'
make[3]: Leaving directory '/home/ntauthority/Desktop/CERN-HSF/yampl/build/LibSourcey-prefix/src/LibSourcey-build/CMakeFiles/CMakeTmp'


Determining if the function fseeko exists passed with the following output:
Change Dir: /home/ntauthority/Desktop/CERN-HSF/yampl/build/LibSourcey-prefix/src/LibSourcey-build/CMakeFiles/CMakeTmp

Run Build Command:"/usr/bin/make" "cmTC_1b4d3/fast"
make[3]: Entering directory '/home/ntauthority/Desktop/CERN-HSF/yampl/build/LibSourcey-prefix/src/LibSourcey-build/CMakeFiles/CMakeTmp'
/usr/bin/make -f CMakeFiles/cmTC_1b4d3.dir/build.make CMakeFiles/cmTC_1b4d3.dir/build
make[4]: Entering directory '/home/ntauthority/Desktop/CERN-HSF/yampl/build/LibSourcey-prefix/src/LibSourcey-build/CMakeFiles/CMakeTmp'
Building C object CMakeFiles/cmTC_1b4d3.dir/CheckFunctionExists.c.o
/usr/bin/cc    -Wall -Wno-long-long -pthread -fomit-frame-pointer -ffunction-sections -DCHECK_FUNCTION_EXISTS=fseeko   -o CMakeFiles/cmTC_1b4d3.dir/CheckFunctionExists.c.o   -c /usr/share/cmake-3.7/Modules/CheckFunctionExists.c
Linking C executable cmTC_1b4d3
/usr/bin/cmake -E cmake_link_script CMakeFiles/cmTC_1b4d3.dir/link.txt --verbose=1
/usr/bin/cc    -Wall -Wno-long-long -pthread -fomit-frame-pointer -ffunction-sections -DCHECK_FUNCTION_EXISTS=fseeko    CMakeFiles/cmTC_1b4d3.dir/CheckFunctionExists.c.o  -o cmTC_1b4d3 -rdynamic 
make[4]: Leaving directory '/home/ntauthority/Desktop/CERN-HSF/yampl/build/LibSourcey-prefix/src/LibSourcey-build/CMakeFiles/CMakeTmp'
make[3]: Leaving directory '/home/ntauthority/Desktop/CERN-HSF/yampl/build/LibSourcey-prefix/src/LibSourcey-build/CMakeFiles/CMakeTmp'


Determining if the include file unistd.h exists passed with the following output:
Change Dir: /home/ntauthority/Desktop/CERN-HSF/yampl/build/LibSourcey-prefix/src/LibSourcey-build/CMakeFiles/CMakeTmp

Run Build Command:"/usr/bin/make" "cmTC_eaf5e/fast"
make[3]: Entering directory '/home/ntauthority/Desktop/CERN-HSF/yampl/build/LibSourcey-prefix/src/LibSourcey-build/CMakeFiles/CMakeTmp'
/usr/bin/make -f CMakeFiles/cmTC_eaf5e.dir/build.make CMakeFiles/cmTC_eaf5e.dir/build
make[4]: Entering directory '/home/ntauthority/Desktop/CERN-HSF/yampl/build/LibSourcey-prefix/src/LibSourcey-build/CMakeFiles/CMakeTmp'
Building C object CMakeFiles/cmTC_eaf5e.dir/CheckIncludeFile.c.o
/usr/bin/cc    -Wall -Wno-long-long -pthread -fomit-frame-pointer -ffunction-sections    -o CMakeFiles/cmTC_eaf5e.dir/CheckIncludeFile.c.o   -c /home/ntauthority/Desktop/CERN-HSF/yampl/build/LibSourcey-prefix/src/LibSourcey-build/CMakeFiles/CMakeTmp/CheckIncludeFile.c
Linking C executable cmTC_eaf5e
/usr/bin/cmake -E cmake_link_script CMakeFiles/cmTC_eaf5e.dir/link.txt --verbose=1
/usr/bin/cc    -Wall -Wno-long-long -pthread -fomit-frame-pointer -ffunction-sections     CMakeFiles/cmTC_eaf5e.dir/CheckIncludeFile.c.o  -o cmTC_eaf5e -rdynamic 
make[4]: Leaving directory '/home/ntauthority/Desktop/CERN-HSF/yampl/build/LibSourcey-prefix/src/LibSourcey-build/CMakeFiles/CMakeTmp'
make[3]: Leaving directory '/home/ntauthority/Desktop/CERN-HSF/yampl/build/LibSourcey-prefix/src/LibSourcey-build/CMakeFiles/CMakeTmp'


